[2024-10-15 20:25:34] PRINT 
[2024-10-15 20:25:34] PRINT epoch: 1, loss: 0.56175, vq_loss: 0.14832, recon_error: 0.18567 ,loss_CE: 0.64230
[2024-10-15 20:25:34] PRINT Train: 0.7792, time: 3.12
[2024-10-15 20:25:34] PRINT ================ Valid Performance. Epoch[1] ================
[2024-10-15 20:25:34] PRINT [ACC, 	BACC, 	SE,		SP,		MCC,	AUC]
[2024-10-15 20:25:34] PRINT 0.7987,	0.7987,	0.8491,	0.7484,	0.6005,	0.7579
[2024-10-15 20:25:34] PRINT ============================================================
[2024-10-15 20:25:34] PRINT 
[2024-10-15 20:25:34] PRINT ================ Test Performance. Epoch[1] ================
[2024-10-15 20:25:34] PRINT [ACC,	BACC, 	SE,		SP,		AUC,	PRE]
[2024-10-15 20:25:34] PRINT 0.7925,	0.7925,	0.8365,	0.7484,	0.5872,	0.7590
[2024-10-15 20:25:34] PRINT ============================================================
[2024-10-15 20:25:37] PRINT 
[2024-10-15 20:25:37] PRINT epoch: 2, loss: 2.75362, vq_loss: 7.11294, recon_error: 0.18437 ,loss_CE: 0.53950
[2024-10-15 20:25:37] PRINT Train: 0.8228, time: 3.03
[2024-10-15 20:25:37] PRINT ================ Valid Performance. Epoch[2] ================
[2024-10-15 20:25:37] PRINT [ACC, 	BACC, 	SE,		SP,		MCC,	AUC]
[2024-10-15 20:25:37] PRINT 0.8145,	0.8145,	0.8050,	0.8239,	0.6290,	0.8485
[2024-10-15 20:25:37] PRINT ============================================================
[2024-10-15 20:25:38] PRINT 
[2024-10-15 20:25:38] PRINT ================ Test Performance. Epoch[2] ================
[2024-10-15 20:25:38] PRINT [ACC,	BACC, 	SE,		SP,		AUC,	PRE]
[2024-10-15 20:25:38] PRINT 0.8396,	0.8396,	0.8113,	0.8679,	0.6803,	0.8622
[2024-10-15 20:25:38] PRINT ============================================================
[2024-10-15 20:25:41] PRINT 
[2024-10-15 20:25:41] PRINT epoch: 3, loss: 9.11534, vq_loss: 10.88929, recon_error: 0.18118 ,loss_CE: 0.40245
[2024-10-15 20:25:41] PRINT Train: 0.7870, time: 3.02
[2024-10-15 20:25:41] PRINT ================ Valid Performance. Epoch[3] ================
[2024-10-15 20:25:41] PRINT [ACC, 	BACC, 	SE,		SP,		MCC,	AUC]
[2024-10-15 20:25:41] PRINT 0.7987,	0.7987,	0.8491,	0.7484,	0.6005,	0.8418
[2024-10-15 20:25:41] PRINT ============================================================
[2024-10-15 20:25:41] PRINT now early stop target =  1
[2024-10-15 20:25:41] PRINT 
[2024-10-15 20:25:41] PRINT ================ Test Performance. Epoch[3] ================
[2024-10-15 20:25:41] PRINT [ACC,	BACC, 	SE,		SP,		AUC,	PRE]
[2024-10-15 20:25:41] PRINT 0.7956,	0.7956,	0.8365,	0.7547,	0.5932,	0.8376
[2024-10-15 20:25:41] PRINT ============================================================
[2024-10-15 20:25:44] PRINT 
[2024-10-15 20:25:44] PRINT epoch: 4, loss: 11.42322, vq_loss: 13.20579, recon_error: 0.18181 ,loss_CE: 0.30315
[2024-10-15 20:25:44] PRINT Train: 0.7862, time: 2.39
[2024-10-15 20:25:44] PRINT ================ Valid Performance. Epoch[4] ================
[2024-10-15 20:25:44] PRINT [ACC, 	BACC, 	SE,		SP,		MCC,	AUC]
[2024-10-15 20:25:44] PRINT 0.7925,	0.7925,	0.8491,	0.7358,	0.5887,	0.8420
[2024-10-15 20:25:44] PRINT ============================================================
[2024-10-15 20:25:44] PRINT now early stop target =  2
[2024-10-15 20:25:44] PRINT 
[2024-10-15 20:25:44] PRINT ================ Test Performance. Epoch[4] ================
[2024-10-15 20:25:44] PRINT [ACC,	BACC, 	SE,		SP,		AUC,	PRE]
[2024-10-15 20:25:44] PRINT 0.7893,	0.7893,	0.8365,	0.7421,	0.5812,	0.8407
[2024-10-15 20:25:44] PRINT ============================================================
[2024-10-15 20:25:46] PRINT 
[2024-10-15 20:25:46] PRINT epoch: 5, loss: 12.84850, vq_loss: 13.25130, recon_error: 0.18318 ,loss_CE: 0.50210
[2024-10-15 20:25:46] PRINT Train: 0.7737, time: 2.39
[2024-10-15 20:25:46] PRINT ================ Valid Performance. Epoch[5] ================
[2024-10-15 20:25:46] PRINT [ACC, 	BACC, 	SE,		SP,		MCC,	AUC]
[2024-10-15 20:25:46] PRINT 0.7862,	0.7862,	0.8553,	0.7170,	0.5779,	0.8369
[2024-10-15 20:25:46] PRINT ============================================================
[2024-10-15 20:25:46] PRINT now early stop target =  3
[2024-10-15 20:25:47] PRINT 
[2024-10-15 20:25:47] PRINT ================ Test Performance. Epoch[5] ================
[2024-10-15 20:25:47] PRINT [ACC,	BACC, 	SE,		SP,		AUC,	PRE]
[2024-10-15 20:25:47] PRINT 0.7830,	0.7830,	0.8491,	0.7170,	0.5710,	0.8372
[2024-10-15 20:25:47] PRINT ============================================================
[2024-10-15 20:25:49] PRINT 
[2024-10-15 20:25:49] PRINT epoch: 6, loss: 13.07831, vq_loss: 12.53235, recon_error: 0.18196 ,loss_CE: 0.41435
[2024-10-15 20:25:49] PRINT Train: 0.7780, time: 2.40
[2024-10-15 20:25:49] PRINT ================ Valid Performance. Epoch[6] ================
[2024-10-15 20:25:49] PRINT [ACC, 	BACC, 	SE,		SP,		MCC,	AUC]
[2024-10-15 20:25:49] PRINT 0.7799,	0.7799,	0.8428,	0.7170,	0.5642,	0.8347
[2024-10-15 20:25:49] PRINT ============================================================
[2024-10-15 20:25:49] PRINT now early stop target =  4
[2024-10-15 20:25:49] PRINT 
[2024-10-15 20:25:49] PRINT ================ Test Performance. Epoch[6] ================
[2024-10-15 20:25:49] PRINT [ACC,	BACC, 	SE,		SP,		AUC,	PRE]
[2024-10-15 20:25:49] PRINT 0.7862,	0.7862,	0.8365,	0.7358,	0.5752,	0.8403
[2024-10-15 20:25:49] PRINT ============================================================
[2024-10-15 20:25:51] PRINT 
[2024-10-15 20:25:51] PRINT epoch: 7, loss: 12.37802, vq_loss: 11.83331, recon_error: 0.18260 ,loss_CE: 0.48535
[2024-10-15 20:25:51] PRINT Train: 0.7917, time: 2.04
[2024-10-15 20:25:51] PRINT ================ Valid Performance. Epoch[7] ================
[2024-10-15 20:25:51] PRINT [ACC, 	BACC, 	SE,		SP,		MCC,	AUC]
[2024-10-15 20:25:51] PRINT 0.7862,	0.7862,	0.8428,	0.7296,	0.5760,	0.8357
[2024-10-15 20:25:51] PRINT ============================================================
[2024-10-15 20:25:51] PRINT now early stop target =  5
[2024-10-15 20:25:52] PRINT 
[2024-10-15 20:25:52] PRINT ================ Test Performance. Epoch[7] ================
[2024-10-15 20:25:52] PRINT [ACC,	BACC, 	SE,		SP,		AUC,	PRE]
[2024-10-15 20:25:52] PRINT 0.8050,	0.8050,	0.8302,	0.7799,	0.6108,	0.8496
[2024-10-15 20:25:52] PRINT ============================================================
[2024-10-15 20:25:54] PRINT 
[2024-10-15 20:25:54] PRINT epoch: 8, loss: 11.20880, vq_loss: 10.21629, recon_error: 0.18175 ,loss_CE: 0.50539
[2024-10-15 20:25:54] PRINT Train: 0.7890, time: 2.11
[2024-10-15 20:25:54] PRINT ================ Valid Performance. Epoch[8] ================
[2024-10-15 20:25:54] PRINT [ACC, 	BACC, 	SE,		SP,		MCC,	AUC]
[2024-10-15 20:25:54] PRINT 0.7704,	0.7704,	0.8428,	0.6981,	0.5466,	0.8311
[2024-10-15 20:25:54] PRINT ============================================================
[2024-10-15 20:25:54] PRINT now early stop target =  6
[2024-10-15 20:25:54] PRINT 
[2024-10-15 20:25:54] PRINT ================ Test Performance. Epoch[8] ================
[2024-10-15 20:25:54] PRINT [ACC,	BACC, 	SE,		SP,		AUC,	PRE]
[2024-10-15 20:25:54] PRINT 0.7956,	0.7956,	0.8365,	0.7547,	0.5932,	0.8528
[2024-10-15 20:25:54] PRINT ============================================================
[2024-10-15 20:25:56] PRINT 
[2024-10-15 20:25:56] PRINT epoch: 9, loss: 10.00150, vq_loss: 9.61190, recon_error: 0.18208 ,loss_CE: 0.51136
[2024-10-15 20:25:56] PRINT Train: 0.7894, time: 2.07
[2024-10-15 20:25:56] PRINT ================ Valid Performance. Epoch[9] ================
[2024-10-15 20:25:56] PRINT [ACC, 	BACC, 	SE,		SP,		MCC,	AUC]
[2024-10-15 20:25:56] PRINT 0.7736,	0.7736,	0.8428,	0.7044,	0.5525,	0.8378
[2024-10-15 20:25:56] PRINT ============================================================
[2024-10-15 20:25:56] PRINT now early stop target =  7
[2024-10-15 20:25:56] PRINT 
[2024-10-15 20:25:56] PRINT ================ Test Performance. Epoch[9] ================
[2024-10-15 20:25:56] PRINT [ACC,	BACC, 	SE,		SP,		AUC,	PRE]
[2024-10-15 20:25:56] PRINT 0.8019,	0.8019,	0.8428,	0.7610,	0.6058,	0.8530
[2024-10-15 20:25:56] PRINT ============================================================
[2024-10-15 20:25:59] PRINT 
[2024-10-15 20:25:59] PRINT epoch: 10, loss: 8.98255, vq_loss: 8.11417, recon_error: 0.18042 ,loss_CE: 0.52378
[2024-10-15 20:25:59] PRINT Train: 0.7969, time: 2.15
[2024-10-15 20:25:59] PRINT ================ Valid Performance. Epoch[10] ================
[2024-10-15 20:25:59] PRINT [ACC, 	BACC, 	SE,		SP,		MCC,	AUC]
[2024-10-15 20:25:59] PRINT 0.7799,	0.7799,	0.8365,	0.7233,	0.5634,	0.8338
[2024-10-15 20:25:59] PRINT ============================================================
[2024-10-15 20:25:59] PRINT now early stop target =  8
[2024-10-15 20:25:59] PRINT 
[2024-10-15 20:25:59] PRINT ================ Test Performance. Epoch[10] ================
[2024-10-15 20:25:59] PRINT [ACC,	BACC, 	SE,		SP,		AUC,	PRE]
[2024-10-15 20:25:59] PRINT 0.8050,	0.8050,	0.8365,	0.7736,	0.6113,	0.8566
[2024-10-15 20:25:59] PRINT ============================================================
[2024-10-15 20:26:01] PRINT 
[2024-10-15 20:26:01] PRINT epoch: 11, loss: 8.12552, vq_loss: 7.81886, recon_error: 0.17956 ,loss_CE: 0.34504
[2024-10-15 20:26:01] PRINT Train: 0.7984, time: 2.10
[2024-10-15 20:26:01] PRINT ================ Valid Performance. Epoch[11] ================
[2024-10-15 20:26:01] PRINT [ACC, 	BACC, 	SE,		SP,		MCC,	AUC]
[2024-10-15 20:26:01] PRINT 0.7767,	0.7767,	0.8302,	0.7233,	0.5566,	0.8341
[2024-10-15 20:26:01] PRINT ============================================================
[2024-10-15 20:26:01] PRINT now early stop target =  9
[2024-10-15 20:26:01] PRINT 
[2024-10-15 20:26:01] PRINT ================ Test Performance. Epoch[11] ================
[2024-10-15 20:26:01] PRINT [ACC,	BACC, 	SE,		SP,		AUC,	PRE]
[2024-10-15 20:26:01] PRINT 0.8050,	0.8050,	0.8365,	0.7736,	0.6113,	0.8600
[2024-10-15 20:26:01] PRINT ============================================================
[2024-10-15 20:26:04] PRINT 
[2024-10-15 20:26:04] PRINT epoch: 12, loss: 7.27156, vq_loss: 6.73407, recon_error: 0.17930 ,loss_CE: 0.63945
[2024-10-15 20:26:04] PRINT Train: 0.8212, time: 2.36
[2024-10-15 20:26:04] PRINT ================ Valid Performance. Epoch[12] ================
[2024-10-15 20:26:04] PRINT [ACC, 	BACC, 	SE,		SP,		MCC,	AUC]
[2024-10-15 20:26:04] PRINT 0.8019,	0.8019,	0.8176,	0.7862,	0.6041,	0.8446
[2024-10-15 20:26:04] PRINT ============================================================
[2024-10-15 20:26:04] PRINT now early stop target =  10
[2024-10-15 20:26:04] PRINT 
[2024-10-15 20:26:04] PRINT ================ Test Performance. Epoch[12] ================
[2024-10-15 20:26:04] PRINT [ACC,	BACC, 	SE,		SP,		AUC,	PRE]
[2024-10-15 20:26:04] PRINT 0.8365,	0.8365,	0.8302,	0.8428,	0.6730,	0.8786
[2024-10-15 20:26:04] PRINT ============================================================
[2024-10-15 20:26:06] PRINT 
[2024-10-15 20:26:06] PRINT epoch: 13, loss: 6.37931, vq_loss: 5.88815, recon_error: 0.17837 ,loss_CE: 0.70975
[2024-10-15 20:26:06] PRINT Train: 0.8181, time: 2.45
[2024-10-15 20:26:06] PRINT ================ Valid Performance. Epoch[13] ================
[2024-10-15 20:26:06] PRINT [ACC, 	BACC, 	SE,		SP,		MCC,	AUC]
[2024-10-15 20:26:06] PRINT 0.7862,	0.7862,	0.8176,	0.7547,	0.5735,	0.8490
[2024-10-15 20:26:06] PRINT ============================================================
[2024-10-15 20:26:06] PRINT now early stop target =  11
[2024-10-15 20:26:07] PRINT 
[2024-10-15 20:26:07] PRINT ================ Test Performance. Epoch[13] ================
[2024-10-15 20:26:07] PRINT [ACC,	BACC, 	SE,		SP,		AUC,	PRE]
[2024-10-15 20:26:07] PRINT 0.8270,	0.8270,	0.8302,	0.8239,	0.6541,	0.8766
[2024-10-15 20:26:07] PRINT ============================================================
[2024-10-15 20:26:09] PRINT 
[2024-10-15 20:26:09] PRINT epoch: 14, loss: 5.72241, vq_loss: 6.23847, recon_error: 0.18006 ,loss_CE: 0.30161
[2024-10-15 20:26:09] PRINT Train: 0.8244, time: 2.48
[2024-10-15 20:26:09] PRINT ================ Valid Performance. Epoch[14] ================
[2024-10-15 20:26:09] PRINT [ACC, 	BACC, 	SE,		SP,		MCC,	AUC]
[2024-10-15 20:26:09] PRINT 0.8019,	0.8019,	0.8176,	0.7862,	0.6041,	0.8568
[2024-10-15 20:26:09] PRINT ============================================================
[2024-10-15 20:26:09] PRINT now early stop target =  12
[2024-10-15 20:26:09] PRINT 
[2024-10-15 20:26:09] PRINT ================ Test Performance. Epoch[14] ================
[2024-10-15 20:26:09] PRINT [ACC,	BACC, 	SE,		SP,		AUC,	PRE]
[2024-10-15 20:26:09] PRINT 0.8396,	0.8396,	0.8302,	0.8491,	0.6794,	0.8874
[2024-10-15 20:26:09] PRINT ============================================================
[2024-10-15 20:26:12] PRINT 
[2024-10-15 20:26:12] PRINT epoch: 15, loss: 4.96427, vq_loss: 3.92088, recon_error: 0.17962 ,loss_CE: 0.34730
[2024-10-15 20:26:12] PRINT Train: 0.8259, time: 2.50
[2024-10-15 20:26:12] PRINT ================ Valid Performance. Epoch[15] ================
[2024-10-15 20:26:12] PRINT [ACC, 	BACC, 	SE,		SP,		MCC,	AUC]
[2024-10-15 20:26:12] PRINT 0.7987,	0.7987,	0.8176,	0.7799,	0.5979,	0.8500
[2024-10-15 20:26:12] PRINT ============================================================
[2024-10-15 20:26:12] PRINT now early stop target =  13
[2024-10-15 20:26:12] PRINT 
[2024-10-15 20:26:12] PRINT ================ Test Performance. Epoch[15] ================
[2024-10-15 20:26:12] PRINT [ACC,	BACC, 	SE,		SP,		AUC,	PRE]
[2024-10-15 20:26:12] PRINT 0.8396,	0.8396,	0.8302,	0.8491,	0.6794,	0.8949
[2024-10-15 20:26:12] PRINT ============================================================
[2024-10-15 20:26:15] PRINT 
[2024-10-15 20:26:15] PRINT epoch: 16, loss: 4.27079, vq_loss: 3.35700, recon_error: 0.17974 ,loss_CE: 0.48636
[2024-10-15 20:26:15] PRINT Train: 0.8417, time: 2.48
[2024-10-15 20:26:15] PRINT ================ Valid Performance. Epoch[16] ================
[2024-10-15 20:26:15] PRINT [ACC, 	BACC, 	SE,		SP,		MCC,	AUC]
[2024-10-15 20:26:15] PRINT 0.8239,	0.8239,	0.8176,	0.8302,	0.6478,	0.8621
[2024-10-15 20:26:15] PRINT ============================================================
[2024-10-15 20:26:15] PRINT 
[2024-10-15 20:26:15] PRINT ================ Test Performance. Epoch[16] ================
[2024-10-15 20:26:15] PRINT [ACC,	BACC, 	SE,		SP,		AUC,	PRE]
[2024-10-15 20:26:15] PRINT 0.8522,	0.8522,	0.8302,	0.8742,	0.7051,	0.8992
[2024-10-15 20:26:15] PRINT ============================================================
[2024-10-15 20:26:18] PRINT 
[2024-10-15 20:26:18] PRINT epoch: 17, loss: 3.78718, vq_loss: 2.90549, recon_error: 0.18078 ,loss_CE: 0.46968
[2024-10-15 20:26:18] PRINT Train: 0.8417, time: 3.03
[2024-10-15 20:26:18] PRINT ================ Valid Performance. Epoch[17] ================
[2024-10-15 20:26:18] PRINT [ACC, 	BACC, 	SE,		SP,		MCC,	AUC]
[2024-10-15 20:26:18] PRINT 0.8302,	0.8302,	0.8302,	0.8302,	0.6604,	0.8685
[2024-10-15 20:26:18] PRINT ============================================================
[2024-10-15 20:26:18] PRINT 
[2024-10-15 20:26:18] PRINT ================ Test Performance. Epoch[17] ================
[2024-10-15 20:26:18] PRINT [ACC,	BACC, 	SE,		SP,		AUC,	PRE]
[2024-10-15 20:26:18] PRINT 0.8522,	0.8522,	0.8302,	0.8742,	0.7051,	0.8934
[2024-10-15 20:26:18] PRINT ============================================================
[2024-10-15 20:26:21] PRINT 
[2024-10-15 20:26:21] PRINT epoch: 18, loss: 3.49166, vq_loss: 3.86592, recon_error: 0.17988 ,loss_CE: 0.45427
[2024-10-15 20:26:21] PRINT Train: 0.8519, time: 3.04
[2024-10-15 20:26:21] PRINT ================ Valid Performance. Epoch[18] ================
[2024-10-15 20:26:21] PRINT [ACC, 	BACC, 	SE,		SP,		MCC,	AUC]
[2024-10-15 20:26:21] PRINT 0.8396,	0.8396,	0.8176,	0.8616,	0.6799,	0.8771
[2024-10-15 20:26:21] PRINT ============================================================
[2024-10-15 20:26:22] PRINT 
[2024-10-15 20:26:22] PRINT ================ Test Performance. Epoch[18] ================
[2024-10-15 20:26:22] PRINT [ACC,	BACC, 	SE,		SP,		AUC,	PRE]
[2024-10-15 20:26:22] PRINT 0.8553,	0.8553,	0.8239,	0.8868,	0.7121,	0.8942
[2024-10-15 20:26:22] PRINT ============================================================
[2024-10-15 20:26:25] PRINT 
[2024-10-15 20:26:25] PRINT epoch: 19, loss: 3.11798, vq_loss: 2.57068, recon_error: 0.17985 ,loss_CE: 0.33224
[2024-10-15 20:26:25] PRINT Train: 0.8585, time: 3.04
[2024-10-15 20:26:25] PRINT ================ Valid Performance. Epoch[19] ================
[2024-10-15 20:26:25] PRINT [ACC, 	BACC, 	SE,		SP,		MCC,	AUC]
[2024-10-15 20:26:25] PRINT 0.8648,	0.8648,	0.8113,	0.9182,	0.7338,	0.9028
[2024-10-15 20:26:25] PRINT ============================================================
[2024-10-15 20:26:25] PRINT 
[2024-10-15 20:26:25] PRINT ================ Test Performance. Epoch[19] ================
[2024-10-15 20:26:25] PRINT [ACC,	BACC, 	SE,		SP,		AUC,	PRE]
[2024-10-15 20:26:25] PRINT 0.8585,	0.8585,	0.8176,	0.8994,	0.7194,	0.8962
[2024-10-15 20:26:25] PRINT ============================================================
[2024-10-15 20:26:28] PRINT 
[2024-10-15 20:26:28] PRINT epoch: 20, loss: 2.69667, vq_loss: 1.76829, recon_error: 0.18078 ,loss_CE: 0.25857
[2024-10-15 20:26:28] PRINT Train: 0.8157, time: 3.04
[2024-10-15 20:26:28] PRINT ================ Valid Performance. Epoch[20] ================
[2024-10-15 20:26:28] PRINT [ACC, 	BACC, 	SE,		SP,		MCC,	AUC]
[2024-10-15 20:26:28] PRINT 0.8082,	0.8082,	0.6289,	0.9874,	0.6602,	0.9119
[2024-10-15 20:26:28] PRINT ============================================================
[2024-10-15 20:26:28] PRINT now early stop target =  1
[2024-10-15 20:26:29] PRINT 
[2024-10-15 20:26:29] PRINT ================ Test Performance. Epoch[20] ================
[2024-10-15 20:26:29] PRINT [ACC,	BACC, 	SE,		SP,		AUC,	PRE]
[2024-10-15 20:26:29] PRINT 0.8050,	0.8050,	0.6352,	0.9748,	0.6486,	0.9085
[2024-10-15 20:26:29] PRINT ============================================================
[2024-10-15 20:26:32] PRINT 
[2024-10-15 20:26:32] PRINT epoch: 21, loss: 2.57534, vq_loss: 1.82764, recon_error: 0.17838 ,loss_CE: 0.74664
[2024-10-15 20:26:32] PRINT Train: 0.8546, time: 3.05
[2024-10-15 20:26:32] PRINT ================ Valid Performance. Epoch[21] ================
[2024-10-15 20:26:32] PRINT [ACC, 	BACC, 	SE,		SP,		MCC,	AUC]
[2024-10-15 20:26:32] PRINT 0.8396,	0.8396,	0.8176,	0.8616,	0.6799,	0.8858
[2024-10-15 20:26:32] PRINT ============================================================
[2024-10-15 20:26:32] PRINT now early stop target =  2
[2024-10-15 20:26:32] PRINT 
[2024-10-15 20:26:32] PRINT ================ Test Performance. Epoch[21] ================
[2024-10-15 20:26:32] PRINT [ACC,	BACC, 	SE,		SP,		AUC,	PRE]
[2024-10-15 20:26:32] PRINT 0.8428,	0.8428,	0.8239,	0.8616,	0.6860,	0.8925
[2024-10-15 20:26:32] PRINT ============================================================
[2024-10-15 20:26:35] PRINT 
[2024-10-15 20:26:35] PRINT epoch: 22, loss: 2.87850, vq_loss: 2.89773, recon_error: 0.17799 ,loss_CE: 0.49109
[2024-10-15 20:26:35] PRINT Train: 0.8570, time: 3.05
[2024-10-15 20:26:35] PRINT ================ Valid Performance. Epoch[22] ================
[2024-10-15 20:26:35] PRINT [ACC, 	BACC, 	SE,		SP,		MCC,	AUC]
[2024-10-15 20:26:35] PRINT 0.8491,	0.8491,	0.8239,	0.8742,	0.6990,	0.8961
[2024-10-15 20:26:35] PRINT ============================================================
[2024-10-15 20:26:35] PRINT now early stop target =  3
[2024-10-15 20:26:35] PRINT 
[2024-10-15 20:26:35] PRINT ================ Test Performance. Epoch[22] ================
[2024-10-15 20:26:35] PRINT [ACC,	BACC, 	SE,		SP,		AUC,	PRE]
[2024-10-15 20:26:35] PRINT 0.8491,	0.8491,	0.8239,	0.8742,	0.6990,	0.9035
[2024-10-15 20:26:35] PRINT ============================================================
[2024-10-15 20:26:38] PRINT 
[2024-10-15 20:26:38] PRINT epoch: 23, loss: 2.62707, vq_loss: 2.29676, recon_error: 0.17995 ,loss_CE: 0.34183
[2024-10-15 20:26:38] PRINT Train: 0.8593, time: 3.04
[2024-10-15 20:26:38] PRINT ================ Valid Performance. Epoch[23] ================
[2024-10-15 20:26:38] PRINT [ACC, 	BACC, 	SE,		SP,		MCC,	AUC]
[2024-10-15 20:26:38] PRINT 0.8679,	0.8679,	0.8176,	0.9182,	0.7396,	0.9001
[2024-10-15 20:26:38] PRINT ============================================================
[2024-10-15 20:26:39] PRINT 
[2024-10-15 20:26:39] PRINT ================ Test Performance. Epoch[23] ================
[2024-10-15 20:26:39] PRINT [ACC,	BACC, 	SE,		SP,		AUC,	PRE]
[2024-10-15 20:26:39] PRINT 0.8553,	0.8553,	0.8050,	0.9057,	0.7143,	0.9010
[2024-10-15 20:26:39] PRINT ============================================================
[2024-10-15 20:26:42] PRINT 
[2024-10-15 20:26:42] PRINT epoch: 24, loss: 2.03117, vq_loss: 1.75307, recon_error: 0.17925 ,loss_CE: 0.41709
[2024-10-15 20:26:42] PRINT Train: 0.8668, time: 3.03
[2024-10-15 20:26:42] PRINT ================ Valid Performance. Epoch[24] ================
[2024-10-15 20:26:42] PRINT [ACC, 	BACC, 	SE,		SP,		MCC,	AUC]
[2024-10-15 20:26:42] PRINT 0.8616,	0.8616,	0.8428,	0.8805,	0.7238,	0.8998
[2024-10-15 20:26:42] PRINT ============================================================
[2024-10-15 20:26:42] PRINT now early stop target =  1
[2024-10-15 20:26:42] PRINT 
[2024-10-15 20:26:42] PRINT ================ Test Performance. Epoch[24] ================
[2024-10-15 20:26:42] PRINT [ACC,	BACC, 	SE,		SP,		AUC,	PRE]
[2024-10-15 20:26:42] PRINT 0.8302,	0.8302,	0.8365,	0.8239,	0.6604,	0.8985
[2024-10-15 20:26:42] PRINT ============================================================
[2024-10-15 20:26:44] PRINT 
[2024-10-15 20:26:44] PRINT epoch: 25, loss: 1.61869, vq_loss: 1.24891, recon_error: 0.17898 ,loss_CE: 0.55121
[2024-10-15 20:26:44] PRINT Train: 0.8723, time: 2.40
[2024-10-15 20:26:44] PRINT ================ Valid Performance. Epoch[25] ================
[2024-10-15 20:26:44] PRINT [ACC, 	BACC, 	SE,		SP,		MCC,	AUC]
[2024-10-15 20:26:44] PRINT 0.8711,	0.8711,	0.8365,	0.9057,	0.7439,	0.9057
[2024-10-15 20:26:44] PRINT ============================================================
[2024-10-15 20:26:45] PRINT 
[2024-10-15 20:26:45] PRINT ================ Test Performance. Epoch[25] ================
[2024-10-15 20:26:45] PRINT [ACC,	BACC, 	SE,		SP,		AUC,	PRE]
[2024-10-15 20:26:45] PRINT 0.8396,	0.8396,	0.8239,	0.8553,	0.6796,	0.8990
[2024-10-15 20:26:45] PRINT ============================================================
[2024-10-15 20:26:47] PRINT 
[2024-10-15 20:26:47] PRINT epoch: 26, loss: 1.37731, vq_loss: 1.08436, recon_error: 0.17755 ,loss_CE: 0.27412
[2024-10-15 20:26:47] PRINT Train: 0.8743, time: 2.39
[2024-10-15 20:26:47] PRINT ================ Valid Performance. Epoch[26] ================
[2024-10-15 20:26:47] PRINT [ACC, 	BACC, 	SE,		SP,		MCC,	AUC]
[2024-10-15 20:26:47] PRINT 0.8711,	0.8711,	0.8491,	0.8931,	0.7429,	0.9142
[2024-10-15 20:26:47] PRINT ============================================================
[2024-10-15 20:26:47] PRINT now early stop target =  1
[2024-10-15 20:26:47] PRINT 
[2024-10-15 20:26:47] PRINT ================ Test Performance. Epoch[26] ================
[2024-10-15 20:26:47] PRINT [ACC,	BACC, 	SE,		SP,		AUC,	PRE]
[2024-10-15 20:26:47] PRINT 0.8459,	0.8459,	0.8428,	0.8491,	0.6918,	0.9034
[2024-10-15 20:26:47] PRINT ============================================================
[2024-10-15 20:26:50] PRINT 
[2024-10-15 20:26:50] PRINT epoch: 27, loss: 1.20512, vq_loss: 0.64007, recon_error: 0.17884 ,loss_CE: 0.20904
[2024-10-15 20:26:50] PRINT Train: 0.8703, time: 2.39
[2024-10-15 20:26:50] PRINT ================ Valid Performance. Epoch[27] ================
[2024-10-15 20:26:50] PRINT [ACC, 	BACC, 	SE,		SP,		MCC,	AUC]
[2024-10-15 20:26:50] PRINT 0.8805,	0.8805,	0.7987,	0.9623,	0.7714,	0.9302
[2024-10-15 20:26:50] PRINT ============================================================
[2024-10-15 20:26:50] PRINT 
[2024-10-15 20:26:50] PRINT ================ Test Performance. Epoch[27] ================
[2024-10-15 20:26:50] PRINT [ACC,	BACC, 	SE,		SP,		AUC,	PRE]
[2024-10-15 20:26:50] PRINT 0.8428,	0.8428,	0.7987,	0.8868,	0.6882,	0.9078
[2024-10-15 20:26:50] PRINT ============================================================
[2024-10-15 20:26:53] PRINT 
[2024-10-15 20:26:53] PRINT epoch: 28, loss: 1.10294, vq_loss: 0.79586, recon_error: 0.17836 ,loss_CE: 0.11272
[2024-10-15 20:26:53] PRINT Train: 0.8778, time: 2.37
[2024-10-15 20:26:53] PRINT ================ Valid Performance. Epoch[28] ================
[2024-10-15 20:26:53] PRINT [ACC, 	BACC, 	SE,		SP,		MCC,	AUC]
[2024-10-15 20:26:53] PRINT 0.8742,	0.8742,	0.8302,	0.9182,	0.7513,	0.9197
[2024-10-15 20:26:53] PRINT ============================================================
[2024-10-15 20:26:53] PRINT now early stop target =  1
[2024-10-15 20:26:53] PRINT 
[2024-10-15 20:26:53] PRINT ================ Test Performance. Epoch[28] ================
[2024-10-15 20:26:53] PRINT [ACC,	BACC, 	SE,		SP,		AUC,	PRE]
[2024-10-15 20:26:53] PRINT 0.8396,	0.8396,	0.8239,	0.8553,	0.6796,	0.9080
[2024-10-15 20:26:53] PRINT ============================================================
[2024-10-15 20:26:55] PRINT 
[2024-10-15 20:26:55] PRINT epoch: 29, loss: 0.99223, vq_loss: 0.76123, recon_error: 0.17770 ,loss_CE: 0.29285
[2024-10-15 20:26:55] PRINT Train: 0.8821, time: 2.43
[2024-10-15 20:26:55] PRINT ================ Valid Performance. Epoch[29] ================
[2024-10-15 20:26:55] PRINT [ACC, 	BACC, 	SE,		SP,		MCC,	AUC]
[2024-10-15 20:26:55] PRINT 0.8742,	0.8742,	0.8176,	0.9308,	0.7533,	0.9279
[2024-10-15 20:26:55] PRINT ============================================================
[2024-10-15 20:26:55] PRINT now early stop target =  2
[2024-10-15 20:26:56] PRINT 
[2024-10-15 20:26:56] PRINT ================ Test Performance. Epoch[29] ================
[2024-10-15 20:26:56] PRINT [ACC,	BACC, 	SE,		SP,		AUC,	PRE]
[2024-10-15 20:26:56] PRINT 0.8333,	0.8333,	0.8113,	0.8553,	0.6673,	0.9108
[2024-10-15 20:26:56] PRINT ============================================================
[2024-10-15 20:26:58] PRINT 
[2024-10-15 20:26:58] PRINT epoch: 30, loss: 0.92208, vq_loss: 0.63031, recon_error: 0.17656 ,loss_CE: 0.34180
[2024-10-15 20:26:58] PRINT Train: 0.8833, time: 2.46
[2024-10-15 20:26:58] PRINT ================ Valid Performance. Epoch[30] ================
[2024-10-15 20:26:58] PRINT [ACC, 	BACC, 	SE,		SP,		MCC,	AUC]
[2024-10-15 20:26:58] PRINT 0.8774,	0.8774,	0.7987,	0.9560,	0.7642,	0.9265
[2024-10-15 20:26:58] PRINT ============================================================
[2024-10-15 20:26:58] PRINT now early stop target =  3
[2024-10-15 20:26:58] PRINT 
[2024-10-15 20:26:58] PRINT ================ Test Performance. Epoch[30] ================
[2024-10-15 20:26:58] PRINT [ACC,	BACC, 	SE,		SP,		AUC,	PRE]
[2024-10-15 20:26:58] PRINT 0.8522,	0.8522,	0.7925,	0.9119,	0.7095,	0.9078
[2024-10-15 20:26:58] PRINT ============================================================
[2024-10-15 20:27:01] PRINT 
[2024-10-15 20:27:01] PRINT epoch: 31, loss: 0.85400, vq_loss: 0.77665, recon_error: 0.17719 ,loss_CE: 0.44705
[2024-10-15 20:27:01] PRINT Train: 0.8648, time: 2.46
[2024-10-15 20:27:01] PRINT ================ Valid Performance. Epoch[31] ================
[2024-10-15 20:27:01] PRINT [ACC, 	BACC, 	SE,		SP,		MCC,	AUC]
[2024-10-15 20:27:01] PRINT 0.8522,	0.8522,	0.8553,	0.8491,	0.7044,	0.9292
[2024-10-15 20:27:01] PRINT ============================================================
[2024-10-15 20:27:01] PRINT now early stop target =  4
[2024-10-15 20:27:01] PRINT 
[2024-10-15 20:27:01] PRINT ================ Test Performance. Epoch[31] ================
[2024-10-15 20:27:01] PRINT [ACC,	BACC, 	SE,		SP,		AUC,	PRE]
[2024-10-15 20:27:01] PRINT 0.8459,	0.8459,	0.8805,	0.8113,	0.6935,	0.9156
[2024-10-15 20:27:01] PRINT ============================================================
[2024-10-15 20:27:04] PRINT 
[2024-10-15 20:27:04] PRINT epoch: 32, loss: 0.79470, vq_loss: 0.52353, recon_error: 0.17777 ,loss_CE: 0.20919
[2024-10-15 20:27:04] PRINT Train: 0.8802, time: 2.46
[2024-10-15 20:27:04] PRINT ================ Valid Performance. Epoch[32] ================
[2024-10-15 20:27:04] PRINT [ACC, 	BACC, 	SE,		SP,		MCC,	AUC]
[2024-10-15 20:27:04] PRINT 0.8459,	0.8459,	0.8365,	0.8553,	0.6919,	0.9257
[2024-10-15 20:27:04] PRINT ============================================================
[2024-10-15 20:27:04] PRINT now early stop target =  5
[2024-10-15 20:27:04] PRINT 
[2024-10-15 20:27:04] PRINT ================ Test Performance. Epoch[32] ================
[2024-10-15 20:27:04] PRINT [ACC,	BACC, 	SE,		SP,		AUC,	PRE]
[2024-10-15 20:27:04] PRINT 0.8553,	0.8553,	0.8805,	0.8302,	0.7116,	0.9165
[2024-10-15 20:27:04] PRINT ============================================================
[2024-10-15 20:27:07] PRINT 
[2024-10-15 20:27:07] PRINT epoch: 33, loss: 0.75353, vq_loss: 0.51207, recon_error: 0.17807 ,loss_CE: 0.35349
[2024-10-15 20:27:07] PRINT Train: 0.8857, time: 2.61
[2024-10-15 20:27:07] PRINT ================ Valid Performance. Epoch[33] ================
[2024-10-15 20:27:07] PRINT [ACC, 	BACC, 	SE,		SP,		MCC,	AUC]
[2024-10-15 20:27:07] PRINT 0.8648,	0.8648,	0.8176,	0.9119,	0.7328,	0.9348
[2024-10-15 20:27:07] PRINT ============================================================
[2024-10-15 20:27:07] PRINT now early stop target =  6
[2024-10-15 20:27:07] PRINT 
[2024-10-15 20:27:07] PRINT ================ Test Performance. Epoch[33] ================
[2024-10-15 20:27:07] PRINT [ACC,	BACC, 	SE,		SP,		AUC,	PRE]
[2024-10-15 20:27:07] PRINT 0.8648,	0.8648,	0.8491,	0.8805,	0.7299,	0.9191
[2024-10-15 20:27:07] PRINT ============================================================
[2024-10-15 20:27:10] PRINT 
[2024-10-15 20:27:10] PRINT epoch: 34, loss: 0.68757, vq_loss: 0.31092, recon_error: 0.17719 ,loss_CE: 0.63509
[2024-10-15 20:27:10] PRINT Train: 0.8872, time: 2.80
[2024-10-15 20:27:10] PRINT ================ Valid Performance. Epoch[34] ================
[2024-10-15 20:27:10] PRINT [ACC, 	BACC, 	SE,		SP,		MCC,	AUC]
[2024-10-15 20:27:10] PRINT 0.8616,	0.8616,	0.8239,	0.8994,	0.7253,	0.9273
[2024-10-15 20:27:10] PRINT ============================================================
[2024-10-15 20:27:10] PRINT now early stop target =  7
[2024-10-15 20:27:10] PRINT 
[2024-10-15 20:27:10] PRINT ================ Test Performance. Epoch[34] ================
[2024-10-15 20:27:10] PRINT [ACC,	BACC, 	SE,		SP,		AUC,	PRE]
[2024-10-15 20:27:10] PRINT 0.8459,	0.8459,	0.8491,	0.8428,	0.6918,	0.9228
[2024-10-15 20:27:10] PRINT ============================================================
[2024-10-15 20:27:13] PRINT 
[2024-10-15 20:27:13] PRINT epoch: 35, loss: 0.64606, vq_loss: 0.30986, recon_error: 0.17527 ,loss_CE: 0.12167
[2024-10-15 20:27:13] PRINT Train: 0.8935, time: 2.85
[2024-10-15 20:27:13] PRINT ================ Valid Performance. Epoch[35] ================
[2024-10-15 20:27:13] PRINT [ACC, 	BACC, 	SE,		SP,		MCC,	AUC]
[2024-10-15 20:27:13] PRINT 0.8585,	0.8585,	0.7987,	0.9182,	0.7222,	0.9343
[2024-10-15 20:27:13] PRINT ============================================================
[2024-10-15 20:27:13] PRINT now early stop target =  8
[2024-10-15 20:27:13] PRINT 
[2024-10-15 20:27:13] PRINT ================ Test Performance. Epoch[35] ================
[2024-10-15 20:27:13] PRINT [ACC,	BACC, 	SE,		SP,		AUC,	PRE]
[2024-10-15 20:27:13] PRINT 0.8585,	0.8585,	0.8239,	0.8931,	0.7187,	0.9278
[2024-10-15 20:27:13] PRINT ============================================================
[2024-10-15 20:27:16] PRINT 
[2024-10-15 20:27:16] PRINT epoch: 36, loss: 0.62026, vq_loss: 0.41243, recon_error: 0.17408 ,loss_CE: 0.13379
[2024-10-15 20:27:16] PRINT Train: 0.8766, time: 2.93
[2024-10-15 20:27:16] PRINT ================ Valid Performance. Epoch[36] ================
[2024-10-15 20:27:16] PRINT [ACC, 	BACC, 	SE,		SP,		MCC,	AUC]
[2024-10-15 20:27:16] PRINT 0.8428,	0.8428,	0.8365,	0.8491,	0.6856,	0.9252
[2024-10-15 20:27:16] PRINT ============================================================
[2024-10-15 20:27:16] PRINT now early stop target =  9
[2024-10-15 20:27:16] PRINT 
[2024-10-15 20:27:16] PRINT ================ Test Performance. Epoch[36] ================
[2024-10-15 20:27:16] PRINT [ACC,	BACC, 	SE,		SP,		AUC,	PRE]
[2024-10-15 20:27:16] PRINT 0.8491,	0.8491,	0.8679,	0.8302,	0.6986,	0.9174
[2024-10-15 20:27:16] PRINT ============================================================
[2024-10-15 20:27:19] PRINT 
[2024-10-15 20:27:19] PRINT epoch: 37, loss: 0.59798, vq_loss: 0.35725, recon_error: 0.17718 ,loss_CE: 0.12860
[2024-10-15 20:27:19] PRINT Train: 0.8542, time: 2.97
[2024-10-15 20:27:19] PRINT ================ Valid Performance. Epoch[37] ================
[2024-10-15 20:27:19] PRINT [ACC, 	BACC, 	SE,		SP,		MCC,	AUC]
[2024-10-15 20:27:19] PRINT 0.8365,	0.8365,	0.8616,	0.8113,	0.6738,	0.9255
[2024-10-15 20:27:19] PRINT ============================================================
[2024-10-15 20:27:19] PRINT now early stop target =  10
[2024-10-15 20:27:20] PRINT 
[2024-10-15 20:27:20] PRINT ================ Test Performance. Epoch[37] ================
[2024-10-15 20:27:20] PRINT [ACC,	BACC, 	SE,		SP,		AUC,	PRE]
[2024-10-15 20:27:20] PRINT 0.8145,	0.8145,	0.8931,	0.7358,	0.6369,	0.9179
[2024-10-15 20:27:20] PRINT ============================================================
[2024-10-15 20:27:23] PRINT 
[2024-10-15 20:27:23] PRINT epoch: 38, loss: 0.57146, vq_loss: 0.32701, recon_error: 0.17628 ,loss_CE: 0.23774
[2024-10-15 20:27:23] PRINT Train: 0.8951, time: 3.01
[2024-10-15 20:27:23] PRINT ================ Valid Performance. Epoch[38] ================
[2024-10-15 20:27:23] PRINT [ACC, 	BACC, 	SE,		SP,		MCC,	AUC]
[2024-10-15 20:27:23] PRINT 0.8585,	0.8585,	0.8176,	0.8994,	0.7194,	0.9361
[2024-10-15 20:27:23] PRINT ============================================================
[2024-10-15 20:27:23] PRINT now early stop target =  11
[2024-10-15 20:27:23] PRINT 
[2024-10-15 20:27:23] PRINT ================ Test Performance. Epoch[38] ================
[2024-10-15 20:27:23] PRINT [ACC,	BACC, 	SE,		SP,		AUC,	PRE]
[2024-10-15 20:27:23] PRINT 0.8585,	0.8585,	0.8491,	0.8679,	0.7171,	0.9298
[2024-10-15 20:27:23] PRINT ============================================================
[2024-10-15 20:27:26] PRINT 
[2024-10-15 20:27:26] PRINT epoch: 39, loss: 0.55590, vq_loss: 0.38963, recon_error: 0.17733 ,loss_CE: 0.16728
[2024-10-15 20:27:26] PRINT Train: 0.8849, time: 3.01
[2024-10-15 20:27:26] PRINT ================ Valid Performance. Epoch[39] ================
[2024-10-15 20:27:26] PRINT [ACC, 	BACC, 	SE,		SP,		MCC,	AUC]
[2024-10-15 20:27:26] PRINT 0.8679,	0.8679,	0.8113,	0.9245,	0.7406,	0.9374
[2024-10-15 20:27:26] PRINT ============================================================
[2024-10-15 20:27:26] PRINT now early stop target =  12
[2024-10-15 20:27:26] PRINT 
[2024-10-15 20:27:26] PRINT ================ Test Performance. Epoch[39] ================
[2024-10-15 20:27:26] PRINT [ACC,	BACC, 	SE,		SP,		AUC,	PRE]
[2024-10-15 20:27:26] PRINT 0.8428,	0.8428,	0.7862,	0.8994,	0.6900,	0.9269
[2024-10-15 20:27:26] PRINT ============================================================
[2024-10-15 20:27:29] PRINT 
[2024-10-15 20:27:29] PRINT epoch: 40, loss: 0.52341, vq_loss: 0.26289, recon_error: 0.17680 ,loss_CE: 0.21539
[2024-10-15 20:27:29] PRINT Train: 0.8994, time: 3.01
[2024-10-15 20:27:29] PRINT ================ Valid Performance. Epoch[40] ================
[2024-10-15 20:27:29] PRINT [ACC, 	BACC, 	SE,		SP,		MCC,	AUC]
[2024-10-15 20:27:29] PRINT 0.8679,	0.8679,	0.8365,	0.8994,	0.7373,	0.9358
[2024-10-15 20:27:29] PRINT ============================================================
[2024-10-15 20:27:29] PRINT now early stop target =  13
[2024-10-15 20:27:30] PRINT 
[2024-10-15 20:27:30] PRINT ================ Test Performance. Epoch[40] ================
[2024-10-15 20:27:30] PRINT [ACC,	BACC, 	SE,		SP,		AUC,	PRE]
[2024-10-15 20:27:30] PRINT 0.8553,	0.8553,	0.8428,	0.8679,	0.7109,	0.9258
[2024-10-15 20:27:30] PRINT ============================================================
[2024-10-15 20:27:33] PRINT 
[2024-10-15 20:27:33] PRINT epoch: 41, loss: 0.52058, vq_loss: 0.44121, recon_error: 0.17923 ,loss_CE: 0.44932
[2024-10-15 20:27:33] PRINT Train: 0.8208, time: 3.02
[2024-10-15 20:27:33] PRINT ================ Valid Performance. Epoch[41] ================
[2024-10-15 20:27:33] PRINT [ACC, 	BACC, 	SE,		SP,		MCC,	AUC]
[2024-10-15 20:27:33] PRINT 0.7830,	0.7830,	0.8931,	0.6730,	0.5803,	0.9070
[2024-10-15 20:27:33] PRINT ============================================================
[2024-10-15 20:27:33] PRINT now early stop target =  14
[2024-10-15 20:27:33] PRINT 
[2024-10-15 20:27:33] PRINT ================ Test Performance. Epoch[41] ================
[2024-10-15 20:27:33] PRINT [ACC,	BACC, 	SE,		SP,		AUC,	PRE]
[2024-10-15 20:27:33] PRINT 0.7862,	0.7862,	0.9182,	0.6541,	0.5934,	0.9126
[2024-10-15 20:27:33] PRINT ============================================================
[2024-10-15 20:27:36] PRINT 
[2024-10-15 20:27:36] PRINT epoch: 42, loss: 0.53508, vq_loss: 0.21240, recon_error: 0.17618 ,loss_CE: 0.37467
[2024-10-15 20:27:36] PRINT Train: 0.8919, time: 3.02
[2024-10-15 20:27:36] PRINT ================ Valid Performance. Epoch[42] ================
[2024-10-15 20:27:36] PRINT [ACC, 	BACC, 	SE,		SP,		MCC,	AUC]
[2024-10-15 20:27:36] PRINT 0.8585,	0.8585,	0.8491,	0.8679,	0.7171,	0.9303
[2024-10-15 20:27:36] PRINT ============================================================
[2024-10-15 20:27:36] PRINT now early stop target =  15
[2024-10-15 20:27:36] PRINT 
[2024-10-15 20:27:36] PRINT ================ Test Performance. Epoch[42] ================
[2024-10-15 20:27:36] PRINT [ACC,	BACC, 	SE,		SP,		AUC,	PRE]
[2024-10-15 20:27:36] PRINT 0.8365,	0.8365,	0.8805,	0.7925,	0.6756,	0.9236
[2024-10-15 20:27:36] PRINT ============================================================
[2024-10-15 20:27:39] PRINT 
[2024-10-15 20:27:39] PRINT epoch: 43, loss: 0.48803, vq_loss: 0.22553, recon_error: 0.17650 ,loss_CE: 0.28534
[2024-10-15 20:27:39] PRINT Train: 0.9022, time: 3.01
[2024-10-15 20:27:39] PRINT ================ Valid Performance. Epoch[43] ================
[2024-10-15 20:27:39] PRINT [ACC, 	BACC, 	SE,		SP,		MCC,	AUC]
[2024-10-15 20:27:39] PRINT 0.8522,	0.8522,	0.8365,	0.8679,	0.7048,	0.9337
[2024-10-15 20:27:39] PRINT ============================================================
[2024-10-15 20:27:39] PRINT now early stop target =  16
[2024-10-15 20:27:40] PRINT 
[2024-10-15 20:27:40] PRINT ================ Test Performance. Epoch[43] ================
[2024-10-15 20:27:40] PRINT [ACC,	BACC, 	SE,		SP,		AUC,	PRE]
[2024-10-15 20:27:40] PRINT 0.8396,	0.8396,	0.8491,	0.8302,	0.6794,	0.9265
[2024-10-15 20:27:40] PRINT ============================================================
[2024-10-15 20:27:43] PRINT 
[2024-10-15 20:27:43] PRINT epoch: 44, loss: 0.47105, vq_loss: 0.23767, recon_error: 0.17713 ,loss_CE: 0.28216
[2024-10-15 20:27:43] PRINT Train: 0.9037, time: 3.01
[2024-10-15 20:27:43] PRINT ================ Valid Performance. Epoch[44] ================
[2024-10-15 20:27:43] PRINT [ACC, 	BACC, 	SE,		SP,		MCC,	AUC]
[2024-10-15 20:27:43] PRINT 0.8616,	0.8616,	0.8302,	0.8931,	0.7247,	0.9375
[2024-10-15 20:27:43] PRINT ============================================================
[2024-10-15 20:27:43] PRINT now early stop target =  17
[2024-10-15 20:27:43] PRINT 
[2024-10-15 20:27:43] PRINT ================ Test Performance. Epoch[44] ================
[2024-10-15 20:27:43] PRINT [ACC,	BACC, 	SE,		SP,		AUC,	PRE]
[2024-10-15 20:27:43] PRINT 0.8522,	0.8522,	0.8491,	0.8553,	0.7044,	0.9369
[2024-10-15 20:27:43] PRINT ============================================================
[2024-10-15 20:27:46] PRINT 
[2024-10-15 20:27:46] PRINT epoch: 45, loss: 0.47901, vq_loss: 0.22386, recon_error: 0.17487 ,loss_CE: 0.09707
[2024-10-15 20:27:46] PRINT Train: 0.8959, time: 3.02
[2024-10-15 20:27:46] PRINT ================ Valid Performance. Epoch[45] ================
[2024-10-15 20:27:46] PRINT [ACC, 	BACC, 	SE,		SP,		MCC,	AUC]
[2024-10-15 20:27:46] PRINT 0.8585,	0.8585,	0.8302,	0.8868,	0.7181,	0.9317
[2024-10-15 20:27:46] PRINT ============================================================
[2024-10-15 20:27:46] PRINT now early stop target =  18
[2024-10-15 20:27:46] PRINT 
[2024-10-15 20:27:46] PRINT ================ Test Performance. Epoch[45] ================
[2024-10-15 20:27:46] PRINT [ACC,	BACC, 	SE,		SP,		AUC,	PRE]
[2024-10-15 20:27:46] PRINT 0.8428,	0.8428,	0.8616,	0.8239,	0.6860,	0.9354
[2024-10-15 20:27:46] PRINT ============================================================
[2024-10-15 20:27:49] PRINT 
[2024-10-15 20:27:49] PRINT epoch: 46, loss: 0.45820, vq_loss: 0.24450, recon_error: 0.17402 ,loss_CE: 0.35893
[2024-10-15 20:27:49] PRINT Train: 0.9092, time: 3.02
[2024-10-15 20:27:49] PRINT ================ Valid Performance. Epoch[46] ================
[2024-10-15 20:27:49] PRINT [ACC, 	BACC, 	SE,		SP,		MCC,	AUC]
[2024-10-15 20:27:49] PRINT 0.8679,	0.8679,	0.8365,	0.8994,	0.7373,	0.9367
[2024-10-15 20:27:49] PRINT ============================================================
[2024-10-15 20:27:49] PRINT now early stop target =  19
[2024-10-15 20:27:50] PRINT 
[2024-10-15 20:27:50] PRINT ================ Test Performance. Epoch[46] ================
[2024-10-15 20:27:50] PRINT [ACC,	BACC, 	SE,		SP,		AUC,	PRE]
[2024-10-15 20:27:50] PRINT 0.8459,	0.8459,	0.8553,	0.8365,	0.6919,	0.9277
[2024-10-15 20:27:50] PRINT ============================================================
[2024-10-15 20:27:53] PRINT 
[2024-10-15 20:27:53] PRINT epoch: 47, loss: 0.46787, vq_loss: 0.24518, recon_error: 0.17591 ,loss_CE: 0.51201
[2024-10-15 20:27:53] PRINT Train: 0.9029, time: 3.03
[2024-10-15 20:27:53] PRINT ================ Valid Performance. Epoch[47] ================
[2024-10-15 20:27:53] PRINT [ACC, 	BACC, 	SE,		SP,		MCC,	AUC]
[2024-10-15 20:27:53] PRINT 0.8711,	0.8711,	0.8302,	0.9119,	0.7446,	0.9359
[2024-10-15 20:27:53] PRINT ============================================================
[2024-10-15 20:27:53] PRINT now early stop target =  20
[2024-10-15 20:27:53] PRINT 
[2024-10-15 20:27:53] PRINT ================ Test Performance. Epoch[47] ================
[2024-10-15 20:27:53] PRINT [ACC,	BACC, 	SE,		SP,		AUC,	PRE]
[2024-10-15 20:27:53] PRINT 0.8428,	0.8428,	0.7987,	0.8868,	0.6882,	0.9354
[2024-10-15 20:27:53] PRINT ============================================================
[2024-10-15 20:27:56] PRINT 
[2024-10-15 20:27:56] PRINT epoch: 48, loss: 0.47958, vq_loss: 0.19526, recon_error: 0.17693 ,loss_CE: 0.40275
[2024-10-15 20:27:56] PRINT Train: 0.9018, time: 3.02
[2024-10-15 20:27:56] PRINT ================ Valid Performance. Epoch[48] ================
[2024-10-15 20:27:56] PRINT [ACC, 	BACC, 	SE,		SP,		MCC,	AUC]
[2024-10-15 20:27:56] PRINT 0.8491,	0.8491,	0.8365,	0.8616,	0.6983,	0.9266
[2024-10-15 20:27:56] PRINT ============================================================
[2024-10-15 20:27:56] PRINT now early stop target =  21
[2024-10-15 20:27:56] PRINT 
[2024-10-15 20:27:56] PRINT ================ Test Performance. Epoch[48] ================
[2024-10-15 20:27:56] PRINT [ACC,	BACC, 	SE,		SP,		AUC,	PRE]
[2024-10-15 20:27:56] PRINT 0.8396,	0.8396,	0.8679,	0.8113,	0.6803,	0.9337
[2024-10-15 20:27:56] PRINT ============================================================
[2024-10-15 20:27:59] PRINT 
[2024-10-15 20:27:59] PRINT epoch: 49, loss: 0.43228, vq_loss: 0.20819, recon_error: 0.17388 ,loss_CE: 0.05818
[2024-10-15 20:27:59] PRINT Train: 0.9057, time: 3.03
[2024-10-15 20:27:59] PRINT ================ Valid Performance. Epoch[49] ================
[2024-10-15 20:27:59] PRINT [ACC, 	BACC, 	SE,		SP,		MCC,	AUC]
[2024-10-15 20:27:59] PRINT 0.8616,	0.8616,	0.8365,	0.8868,	0.7242,	0.9313
[2024-10-15 20:27:59] PRINT ============================================================
[2024-10-15 20:27:59] PRINT now early stop target =  22
[2024-10-15 20:28:00] PRINT 
[2024-10-15 20:28:00] PRINT ================ Test Performance. Epoch[49] ================
[2024-10-15 20:28:00] PRINT [ACC,	BACC, 	SE,		SP,		AUC,	PRE]
[2024-10-15 20:28:00] PRINT 0.8333,	0.8333,	0.8553,	0.8113,	0.6673,	0.9309
[2024-10-15 20:28:00] PRINT ============================================================
[2024-10-15 20:28:03] PRINT 
[2024-10-15 20:28:03] PRINT epoch: 50, loss: 0.42479, vq_loss: 0.21860, recon_error: 0.17688 ,loss_CE: 0.22242
[2024-10-15 20:28:03] PRINT Train: 0.9010, time: 3.03
[2024-10-15 20:28:03] PRINT ================ Valid Performance. Epoch[50] ================
[2024-10-15 20:28:03] PRINT [ACC, 	BACC, 	SE,		SP,		MCC,	AUC]
[2024-10-15 20:28:03] PRINT 0.8616,	0.8616,	0.7925,	0.9308,	0.7303,	0.9348
[2024-10-15 20:28:03] PRINT ============================================================
[2024-10-15 20:28:03] PRINT now early stop target =  23
[2024-10-15 20:28:03] PRINT 
[2024-10-15 20:28:03] PRINT ================ Test Performance. Epoch[50] ================
[2024-10-15 20:28:03] PRINT [ACC,	BACC, 	SE,		SP,		AUC,	PRE]
[2024-10-15 20:28:03] PRINT 0.8491,	0.8491,	0.7862,	0.9119,	0.7037,	0.9296
[2024-10-15 20:28:03] PRINT ============================================================
[2024-10-15 20:28:06] PRINT 
[2024-10-15 20:28:06] PRINT epoch: 51, loss: 0.43373, vq_loss: 0.22495, recon_error: 0.17535 ,loss_CE: 0.17994
[2024-10-15 20:28:06] PRINT Train: 0.9100, time: 3.02
[2024-10-15 20:28:06] PRINT ================ Valid Performance. Epoch[51] ================
[2024-10-15 20:28:06] PRINT [ACC, 	BACC, 	SE,		SP,		MCC,	AUC]
[2024-10-15 20:28:06] PRINT 0.8679,	0.8679,	0.8176,	0.9182,	0.7396,	0.9371
[2024-10-15 20:28:06] PRINT ============================================================
[2024-10-15 20:28:06] PRINT now early stop target =  24
[2024-10-15 20:28:06] PRINT 
[2024-10-15 20:28:06] PRINT ================ Test Performance. Epoch[51] ================
[2024-10-15 20:28:06] PRINT [ACC,	BACC, 	SE,		SP,		AUC,	PRE]
[2024-10-15 20:28:06] PRINT 0.8648,	0.8648,	0.8302,	0.8994,	0.7313,	0.9355
[2024-10-15 20:28:06] PRINT ============================================================
[2024-10-15 20:28:09] PRINT 
[2024-10-15 20:28:09] PRINT epoch: 52, loss: 0.43428, vq_loss: 0.15392, recon_error: 0.17448 ,loss_CE: 0.52211
[2024-10-15 20:28:09] PRINT Train: 0.9151, time: 3.04
[2024-10-15 20:28:09] PRINT ================ Valid Performance. Epoch[52] ================
[2024-10-15 20:28:09] PRINT [ACC, 	BACC, 	SE,		SP,		MCC,	AUC]
[2024-10-15 20:28:09] PRINT 0.8679,	0.8679,	0.8302,	0.9057,	0.7380,	0.9326
[2024-10-15 20:28:09] PRINT ============================================================
[2024-10-15 20:28:09] PRINT now early stop target =  25
[2024-10-15 20:28:10] PRINT 
[2024-10-15 20:28:10] PRINT ================ Test Performance. Epoch[52] ================
[2024-10-15 20:28:10] PRINT [ACC,	BACC, 	SE,		SP,		AUC,	PRE]
[2024-10-15 20:28:10] PRINT 0.8428,	0.8428,	0.8365,	0.8491,	0.6856,	0.9171
[2024-10-15 20:28:10] PRINT ============================================================
[2024-10-15 20:28:13] PRINT 
[2024-10-15 20:28:13] PRINT epoch: 53, loss: 0.43020, vq_loss: 0.20591, recon_error: 0.17474 ,loss_CE: 0.13248
[2024-10-15 20:28:13] PRINT Train: 0.9191, time: 3.03
[2024-10-15 20:28:13] PRINT ================ Valid Performance. Epoch[53] ================
[2024-10-15 20:28:13] PRINT [ACC, 	BACC, 	SE,		SP,		MCC,	AUC]
[2024-10-15 20:28:13] PRINT 0.8679,	0.8679,	0.8365,	0.8994,	0.7373,	0.9332
[2024-10-15 20:28:13] PRINT ============================================================
[2024-10-15 20:28:13] PRINT now early stop target =  26
[2024-10-15 20:28:13] PRINT 
[2024-10-15 20:28:13] PRINT ================ Test Performance. Epoch[53] ================
[2024-10-15 20:28:13] PRINT [ACC,	BACC, 	SE,		SP,		AUC,	PRE]
[2024-10-15 20:28:13] PRINT 0.8396,	0.8396,	0.8491,	0.8302,	0.6794,	0.9323
[2024-10-15 20:28:13] PRINT ============================================================
[2024-10-15 20:28:16] PRINT 
[2024-10-15 20:28:16] PRINT epoch: 54, loss: 0.40313, vq_loss: 0.19231, recon_error: 0.17420 ,loss_CE: 0.11629
[2024-10-15 20:28:16] PRINT Train: 0.9226, time: 3.03
[2024-10-15 20:28:16] PRINT ================ Valid Performance. Epoch[54] ================
[2024-10-15 20:28:16] PRINT [ACC, 	BACC, 	SE,		SP,		MCC,	AUC]
[2024-10-15 20:28:16] PRINT 0.8585,	0.8585,	0.8176,	0.8994,	0.7194,	0.9306
[2024-10-15 20:28:16] PRINT ============================================================
[2024-10-15 20:28:16] PRINT now early stop target =  27
[2024-10-15 20:28:16] PRINT 
[2024-10-15 20:28:16] PRINT ================ Test Performance. Epoch[54] ================
[2024-10-15 20:28:16] PRINT [ACC,	BACC, 	SE,		SP,		AUC,	PRE]
[2024-10-15 20:28:16] PRINT 0.8459,	0.8459,	0.8428,	0.8491,	0.6918,	0.9313
[2024-10-15 20:28:16] PRINT ============================================================
[2024-10-15 20:28:19] PRINT 
[2024-10-15 20:28:19] PRINT epoch: 55, loss: 0.43494, vq_loss: 0.22641, recon_error: 0.17561 ,loss_CE: 0.23413
[2024-10-15 20:28:19] PRINT Train: 0.9100, time: 3.03
[2024-10-15 20:28:19] PRINT ================ Valid Performance. Epoch[55] ================
[2024-10-15 20:28:19] PRINT [ACC, 	BACC, 	SE,		SP,		MCC,	AUC]
[2024-10-15 20:28:19] PRINT 0.8679,	0.8679,	0.8428,	0.8931,	0.7368,	0.9393
[2024-10-15 20:28:19] PRINT ============================================================
[2024-10-15 20:28:19] PRINT now early stop target =  28
[2024-10-15 20:28:20] PRINT 
[2024-10-15 20:28:20] PRINT ================ Test Performance. Epoch[55] ================
[2024-10-15 20:28:20] PRINT [ACC,	BACC, 	SE,		SP,		AUC,	PRE]
[2024-10-15 20:28:20] PRINT 0.8553,	0.8553,	0.8302,	0.8805,	0.7116,	0.9234
[2024-10-15 20:28:20] PRINT ============================================================
[2024-10-15 20:28:23] PRINT 
[2024-10-15 20:28:23] PRINT epoch: 56, loss: 0.41452, vq_loss: 0.18910, recon_error: 0.17537 ,loss_CE: 0.48100
[2024-10-15 20:28:23] PRINT Train: 0.9234, time: 3.03
[2024-10-15 20:28:23] PRINT ================ Valid Performance. Epoch[56] ================
[2024-10-15 20:28:23] PRINT [ACC, 	BACC, 	SE,		SP,		MCC,	AUC]
[2024-10-15 20:28:23] PRINT 0.8679,	0.8679,	0.8302,	0.9057,	0.7380,	0.9315
[2024-10-15 20:28:23] PRINT ============================================================
[2024-10-15 20:28:23] PRINT now early stop target =  29
[2024-10-15 20:28:23] PRINT 
[2024-10-15 20:28:23] PRINT ================ Test Performance. Epoch[56] ================
[2024-10-15 20:28:23] PRINT [ACC,	BACC, 	SE,		SP,		AUC,	PRE]
[2024-10-15 20:28:23] PRINT 0.8553,	0.8553,	0.8491,	0.8616,	0.7107,	0.9314
[2024-10-15 20:28:23] PRINT ============================================================
[2024-10-15 20:28:26] PRINT 
[2024-10-15 20:28:26] PRINT epoch: 57, loss: 0.40220, vq_loss: 0.18326, recon_error: 0.17512 ,loss_CE: 0.39056
[2024-10-15 20:28:26] PRINT Train: 0.9155, time: 3.03
[2024-10-15 20:28:26] PRINT ================ Valid Performance. Epoch[57] ================
[2024-10-15 20:28:26] PRINT [ACC, 	BACC, 	SE,		SP,		MCC,	AUC]
[2024-10-15 20:28:26] PRINT 0.8836,	0.8836,	0.8742,	0.8931,	0.7674,	0.9368
[2024-10-15 20:28:26] PRINT ============================================================
[2024-10-15 20:28:26] PRINT 
[2024-10-15 20:28:26] PRINT ================ Test Performance. Epoch[57] ================
[2024-10-15 20:28:26] PRINT [ACC,	BACC, 	SE,		SP,		AUC,	PRE]
[2024-10-15 20:28:26] PRINT 0.8428,	0.8428,	0.8428,	0.8428,	0.6855,	0.9320
[2024-10-15 20:28:26] PRINT ============================================================
[2024-10-15 20:28:29] PRINT 
[2024-10-15 20:28:29] PRINT epoch: 58, loss: 0.39340, vq_loss: 0.24568, recon_error: 0.17437 ,loss_CE: 0.34716
[2024-10-15 20:28:29] PRINT Train: 0.9246, time: 3.02
[2024-10-15 20:28:29] PRINT ================ Valid Performance. Epoch[58] ================
[2024-10-15 20:28:29] PRINT [ACC, 	BACC, 	SE,		SP,		MCC,	AUC]
[2024-10-15 20:28:29] PRINT 0.8679,	0.8679,	0.8428,	0.8931,	0.7368,	0.9293
[2024-10-15 20:28:29] PRINT ============================================================
[2024-10-15 20:28:29] PRINT now early stop target =  1
[2024-10-15 20:28:30] PRINT 
[2024-10-15 20:28:30] PRINT ================ Test Performance. Epoch[58] ================
[2024-10-15 20:28:30] PRINT [ACC,	BACC, 	SE,		SP,		AUC,	PRE]
[2024-10-15 20:28:30] PRINT 0.8522,	0.8522,	0.8491,	0.8553,	0.7044,	0.9328
[2024-10-15 20:28:30] PRINT ============================================================
[2024-10-15 20:28:33] PRINT 
[2024-10-15 20:28:33] PRINT epoch: 59, loss: 0.38331, vq_loss: 0.17651, recon_error: 0.17489 ,loss_CE: 0.19370
[2024-10-15 20:28:33] PRINT Train: 0.9198, time: 3.02
[2024-10-15 20:28:33] PRINT ================ Valid Performance. Epoch[59] ================
[2024-10-15 20:28:33] PRINT [ACC, 	BACC, 	SE,		SP,		MCC,	AUC]
[2024-10-15 20:28:33] PRINT 0.8774,	0.8774,	0.8176,	0.9371,	0.7602,	0.9349
[2024-10-15 20:28:33] PRINT ============================================================
[2024-10-15 20:28:33] PRINT now early stop target =  2
[2024-10-15 20:28:33] PRINT 
[2024-10-15 20:28:33] PRINT ================ Test Performance. Epoch[59] ================
[2024-10-15 20:28:33] PRINT [ACC,	BACC, 	SE,		SP,		AUC,	PRE]
[2024-10-15 20:28:33] PRINT 0.8774,	0.8774,	0.8491,	0.9057,	0.7559,	0.9343
[2024-10-15 20:28:33] PRINT ============================================================
[2024-10-15 20:28:36] PRINT 
[2024-10-15 20:28:36] PRINT epoch: 60, loss: 0.39869, vq_loss: 0.21829, recon_error: 0.17384 ,loss_CE: 0.35709
[2024-10-15 20:28:36] PRINT Train: 0.9250, time: 3.03
[2024-10-15 20:28:36] PRINT ================ Valid Performance. Epoch[60] ================
[2024-10-15 20:28:36] PRINT [ACC, 	BACC, 	SE,		SP,		MCC,	AUC]
[2024-10-15 20:28:36] PRINT 0.9025,	0.9025,	0.8805,	0.9245,	0.8058,	0.9406
[2024-10-15 20:28:36] PRINT ============================================================
[2024-10-15 20:28:36] PRINT 
[2024-10-15 20:28:36] PRINT ================ Test Performance. Epoch[60] ================
[2024-10-15 20:28:36] PRINT [ACC,	BACC, 	SE,		SP,		AUC,	PRE]
[2024-10-15 20:28:36] PRINT 0.8553,	0.8553,	0.8553,	0.8553,	0.7107,	0.9335
[2024-10-15 20:28:36] PRINT ============================================================
[2024-10-15 20:28:39] PRINT 
[2024-10-15 20:28:39] PRINT epoch: 61, loss: 0.39686, vq_loss: 0.18344, recon_error: 0.17331 ,loss_CE: 0.21451
[2024-10-15 20:28:39] PRINT Train: 0.9285, time: 3.03
[2024-10-15 20:28:39] PRINT ================ Valid Performance. Epoch[61] ================
[2024-10-15 20:28:39] PRINT [ACC, 	BACC, 	SE,		SP,		MCC,	AUC]
[2024-10-15 20:28:39] PRINT 0.8805,	0.8805,	0.8428,	0.9182,	0.7632,	0.9388
[2024-10-15 20:28:39] PRINT ============================================================
[2024-10-15 20:28:39] PRINT now early stop target =  1
[2024-10-15 20:28:40] PRINT 
[2024-10-15 20:28:40] PRINT ================ Test Performance. Epoch[61] ================
[2024-10-15 20:28:40] PRINT [ACC,	BACC, 	SE,		SP,		AUC,	PRE]
[2024-10-15 20:28:40] PRINT 0.8616,	0.8616,	0.8428,	0.8805,	0.7238,	0.9390
[2024-10-15 20:28:40] PRINT ============================================================
[2024-10-15 20:28:43] PRINT 
[2024-10-15 20:28:43] PRINT epoch: 62, loss: 0.37662, vq_loss: 0.16302, recon_error: 0.17386 ,loss_CE: 0.29321
[2024-10-15 20:28:43] PRINT Train: 0.9305, time: 3.03
[2024-10-15 20:28:43] PRINT ================ Valid Performance. Epoch[62] ================
[2024-10-15 20:28:43] PRINT [ACC, 	BACC, 	SE,		SP,		MCC,	AUC]
[2024-10-15 20:28:43] PRINT 0.8931,	0.8931,	0.8616,	0.9245,	0.7877,	0.9423
[2024-10-15 20:28:43] PRINT ============================================================
[2024-10-15 20:28:43] PRINT now early stop target =  2
[2024-10-15 20:28:43] PRINT 
[2024-10-15 20:28:43] PRINT ================ Test Performance. Epoch[62] ================
[2024-10-15 20:28:43] PRINT [ACC,	BACC, 	SE,		SP,		AUC,	PRE]
[2024-10-15 20:28:43] PRINT 0.8616,	0.8616,	0.8553,	0.8679,	0.7233,	0.9369
[2024-10-15 20:28:43] PRINT ============================================================
[2024-10-15 20:28:46] PRINT 
[2024-10-15 20:28:46] PRINT epoch: 63, loss: 0.38623, vq_loss: 0.17060, recon_error: 0.17265 ,loss_CE: 0.28937
[2024-10-15 20:28:46] PRINT Train: 0.9277, time: 3.03
[2024-10-15 20:28:46] PRINT ================ Valid Performance. Epoch[63] ================
[2024-10-15 20:28:46] PRINT [ACC, 	BACC, 	SE,		SP,		MCC,	AUC]
[2024-10-15 20:28:46] PRINT 0.8774,	0.8774,	0.8428,	0.9119,	0.7565,	0.9342
[2024-10-15 20:28:46] PRINT ============================================================
[2024-10-15 20:28:46] PRINT now early stop target =  3
[2024-10-15 20:28:46] PRINT 
[2024-10-15 20:28:46] PRINT ================ Test Performance. Epoch[63] ================
[2024-10-15 20:28:46] PRINT [ACC,	BACC, 	SE,		SP,		AUC,	PRE]
[2024-10-15 20:28:46] PRINT 0.8585,	0.8585,	0.8491,	0.8679,	0.7171,	0.9383
[2024-10-15 20:28:46] PRINT ============================================================
[2024-10-15 20:28:49] PRINT 
[2024-10-15 20:28:49] PRINT epoch: 64, loss: 0.37757, vq_loss: 0.25579, recon_error: 0.17170 ,loss_CE: 0.18376
[2024-10-15 20:28:49] PRINT Train: 0.9320, time: 3.01
[2024-10-15 20:28:49] PRINT ================ Valid Performance. Epoch[64] ================
[2024-10-15 20:28:49] PRINT [ACC, 	BACC, 	SE,		SP,		MCC,	AUC]
[2024-10-15 20:28:49] PRINT 0.8868,	0.8868,	0.8616,	0.9119,	0.7746,	0.9398
[2024-10-15 20:28:49] PRINT ============================================================
[2024-10-15 20:28:49] PRINT now early stop target =  4
[2024-10-15 20:28:50] PRINT 
[2024-10-15 20:28:50] PRINT ================ Test Performance. Epoch[64] ================
[2024-10-15 20:28:50] PRINT [ACC,	BACC, 	SE,		SP,		AUC,	PRE]
[2024-10-15 20:28:50] PRINT 0.8553,	0.8553,	0.8491,	0.8616,	0.7107,	0.9361
[2024-10-15 20:28:50] PRINT ============================================================
[2024-10-15 20:28:53] PRINT 
[2024-10-15 20:28:53] PRINT epoch: 65, loss: 0.37612, vq_loss: 0.18823, recon_error: 0.17398 ,loss_CE: 0.37946
[2024-10-15 20:28:53] PRINT Train: 0.9324, time: 3.03
[2024-10-15 20:28:53] PRINT ================ Valid Performance. Epoch[65] ================
[2024-10-15 20:28:53] PRINT [ACC, 	BACC, 	SE,		SP,		MCC,	AUC]
[2024-10-15 20:28:53] PRINT 0.8805,	0.8805,	0.8365,	0.9245,	0.7640,	0.9396
[2024-10-15 20:28:53] PRINT ============================================================
[2024-10-15 20:28:53] PRINT now early stop target =  5
[2024-10-15 20:28:53] PRINT 
[2024-10-15 20:28:53] PRINT ================ Test Performance. Epoch[65] ================
[2024-10-15 20:28:53] PRINT [ACC,	BACC, 	SE,		SP,		AUC,	PRE]
[2024-10-15 20:28:53] PRINT 0.8585,	0.8585,	0.8428,	0.8742,	0.7173,	0.9409
[2024-10-15 20:28:53] PRINT ============================================================
[2024-10-15 20:28:56] PRINT 
[2024-10-15 20:28:56] PRINT epoch: 66, loss: 0.37843, vq_loss: 0.16864, recon_error: 0.17332 ,loss_CE: 0.33842
[2024-10-15 20:28:56] PRINT Train: 0.9297, time: 3.04
[2024-10-15 20:28:56] PRINT ================ Valid Performance. Epoch[66] ================
[2024-10-15 20:28:56] PRINT [ACC, 	BACC, 	SE,		SP,		MCC,	AUC]
[2024-10-15 20:28:56] PRINT 0.8805,	0.8805,	0.8616,	0.8994,	0.7615,	0.9306
[2024-10-15 20:28:56] PRINT ============================================================
[2024-10-15 20:28:56] PRINT now early stop target =  6
[2024-10-15 20:28:56] PRINT 
[2024-10-15 20:28:56] PRINT ================ Test Performance. Epoch[66] ================
[2024-10-15 20:28:56] PRINT [ACC,	BACC, 	SE,		SP,		AUC,	PRE]
[2024-10-15 20:28:56] PRINT 0.8616,	0.8616,	0.8491,	0.8742,	0.7235,	0.9286
[2024-10-15 20:28:56] PRINT ============================================================
[2024-10-15 20:28:59] PRINT 
[2024-10-15 20:28:59] PRINT epoch: 67, loss: 0.39084, vq_loss: 0.16352, recon_error: 0.17413 ,loss_CE: 0.42974
[2024-10-15 20:28:59] PRINT Train: 0.9234, time: 3.02
[2024-10-15 20:28:59] PRINT ================ Valid Performance. Epoch[67] ================
[2024-10-15 20:28:59] PRINT [ACC, 	BACC, 	SE,		SP,		MCC,	AUC]
[2024-10-15 20:28:59] PRINT 0.8711,	0.8711,	0.8176,	0.9245,	0.7464,	0.9307
[2024-10-15 20:28:59] PRINT ============================================================
[2024-10-15 20:28:59] PRINT now early stop target =  7
[2024-10-15 20:29:00] PRINT 
[2024-10-15 20:29:00] PRINT ================ Test Performance. Epoch[67] ================
[2024-10-15 20:29:00] PRINT [ACC,	BACC, 	SE,		SP,		AUC,	PRE]
[2024-10-15 20:29:00] PRINT 0.8742,	0.8742,	0.8302,	0.9182,	0.7513,	0.9254
[2024-10-15 20:29:00] PRINT ============================================================
[2024-10-15 20:29:03] PRINT 
[2024-10-15 20:29:03] PRINT epoch: 68, loss: 0.37778, vq_loss: 0.18144, recon_error: 0.17367 ,loss_CE: 0.09144
[2024-10-15 20:29:03] PRINT Train: 0.9375, time: 3.02
[2024-10-15 20:29:03] PRINT ================ Valid Performance. Epoch[68] ================
[2024-10-15 20:29:03] PRINT [ACC, 	BACC, 	SE,		SP,		MCC,	AUC]
[2024-10-15 20:29:03] PRINT 0.8774,	0.8774,	0.8553,	0.8994,	0.7554,	0.9388
[2024-10-15 20:29:03] PRINT ============================================================
[2024-10-15 20:29:03] PRINT now early stop target =  8
[2024-10-15 20:29:03] PRINT 
[2024-10-15 20:29:03] PRINT ================ Test Performance. Epoch[68] ================
[2024-10-15 20:29:03] PRINT [ACC,	BACC, 	SE,		SP,		AUC,	PRE]
[2024-10-15 20:29:03] PRINT 0.8553,	0.8553,	0.8491,	0.8616,	0.7107,	0.9358
[2024-10-15 20:29:03] PRINT ============================================================
[2024-10-15 20:29:06] PRINT 
[2024-10-15 20:29:06] PRINT epoch: 69, loss: 0.35504, vq_loss: 0.20758, recon_error: 0.17470 ,loss_CE: 0.09868
[2024-10-15 20:29:06] PRINT Train: 0.9293, time: 3.04
[2024-10-15 20:29:06] PRINT ================ Valid Performance. Epoch[69] ================
[2024-10-15 20:29:06] PRINT [ACC, 	BACC, 	SE,		SP,		MCC,	AUC]
[2024-10-15 20:29:06] PRINT 0.8742,	0.8742,	0.8176,	0.9308,	0.7533,	0.9421
[2024-10-15 20:29:06] PRINT ============================================================
[2024-10-15 20:29:06] PRINT now early stop target =  9
[2024-10-15 20:29:06] PRINT 
[2024-10-15 20:29:06] PRINT ================ Test Performance. Epoch[69] ================
[2024-10-15 20:29:06] PRINT [ACC,	BACC, 	SE,		SP,		AUC,	PRE]
[2024-10-15 20:29:06] PRINT 0.8805,	0.8805,	0.8428,	0.9182,	0.7632,	0.9398
[2024-10-15 20:29:06] PRINT ============================================================
[2024-10-15 20:29:09] PRINT 
[2024-10-15 20:29:09] PRINT epoch: 70, loss: 0.36119, vq_loss: 0.17529, recon_error: 0.17503 ,loss_CE: 0.10760
[2024-10-15 20:29:09] PRINT Train: 0.8695, time: 3.04
[2024-10-15 20:29:09] PRINT ================ Valid Performance. Epoch[70] ================
[2024-10-15 20:29:09] PRINT [ACC, 	BACC, 	SE,		SP,		MCC,	AUC]
[2024-10-15 20:29:09] PRINT 0.8145,	0.8145,	0.8994,	0.7296,	0.6382,	0.9145
[2024-10-15 20:29:09] PRINT ============================================================
[2024-10-15 20:29:09] PRINT now early stop target =  10
[2024-10-15 20:29:10] PRINT 
[2024-10-15 20:29:10] PRINT ================ Test Performance. Epoch[70] ================
[2024-10-15 20:29:10] PRINT [ACC,	BACC, 	SE,		SP,		AUC,	PRE]
[2024-10-15 20:29:10] PRINT 0.8019,	0.8019,	0.9245,	0.6792,	0.6228,	0.9133
[2024-10-15 20:29:10] PRINT ============================================================
[2024-10-15 20:29:13] PRINT 
[2024-10-15 20:29:13] PRINT epoch: 71, loss: 0.36237, vq_loss: 0.15891, recon_error: 0.17434 ,loss_CE: 0.37121
[2024-10-15 20:29:13] PRINT Train: 0.9246, time: 3.03
[2024-10-15 20:29:13] PRINT ================ Valid Performance. Epoch[71] ================
[2024-10-15 20:29:13] PRINT [ACC, 	BACC, 	SE,		SP,		MCC,	AUC]
[2024-10-15 20:29:13] PRINT 0.8742,	0.8742,	0.7987,	0.9497,	0.7571,	0.9350
[2024-10-15 20:29:13] PRINT ============================================================
[2024-10-15 20:29:13] PRINT now early stop target =  11
[2024-10-15 20:29:13] PRINT 
[2024-10-15 20:29:13] PRINT ================ Test Performance. Epoch[71] ================
[2024-10-15 20:29:13] PRINT [ACC,	BACC, 	SE,		SP,		AUC,	PRE]
[2024-10-15 20:29:13] PRINT 0.8742,	0.8742,	0.8239,	0.9245,	0.7522,	0.9292
[2024-10-15 20:29:13] PRINT ============================================================
[2024-10-15 20:29:16] PRINT 
[2024-10-15 20:29:16] PRINT epoch: 72, loss: 0.35657, vq_loss: 0.13757, recon_error: 0.17314 ,loss_CE: 0.20642
[2024-10-15 20:29:16] PRINT Train: 0.9379, time: 3.03
[2024-10-15 20:29:16] PRINT ================ Valid Performance. Epoch[72] ================
[2024-10-15 20:29:16] PRINT [ACC, 	BACC, 	SE,		SP,		MCC,	AUC]
[2024-10-15 20:29:16] PRINT 0.8805,	0.8805,	0.8616,	0.8994,	0.7615,	0.9362
[2024-10-15 20:29:16] PRINT ============================================================
[2024-10-15 20:29:16] PRINT now early stop target =  12
[2024-10-15 20:29:16] PRINT 
[2024-10-15 20:29:16] PRINT ================ Test Performance. Epoch[72] ================
[2024-10-15 20:29:16] PRINT [ACC,	BACC, 	SE,		SP,		AUC,	PRE]
[2024-10-15 20:29:16] PRINT 0.8585,	0.8585,	0.8553,	0.8616,	0.7170,	0.9341
[2024-10-15 20:29:16] PRINT ============================================================
[2024-10-15 20:29:20] PRINT 
[2024-10-15 20:29:20] PRINT epoch: 73, loss: 0.34669, vq_loss: 0.12448, recon_error: 0.17180 ,loss_CE: 0.11344
[2024-10-15 20:29:20] PRINT Train: 0.9344, time: 3.03
[2024-10-15 20:29:20] PRINT ================ Valid Performance. Epoch[73] ================
[2024-10-15 20:29:20] PRINT [ACC, 	BACC, 	SE,		SP,		MCC,	AUC]
[2024-10-15 20:29:20] PRINT 0.8805,	0.8805,	0.8553,	0.9057,	0.7620,	0.9362
[2024-10-15 20:29:20] PRINT ============================================================
[2024-10-15 20:29:20] PRINT now early stop target =  13
[2024-10-15 20:29:20] PRINT 
[2024-10-15 20:29:20] PRINT ================ Test Performance. Epoch[73] ================
[2024-10-15 20:29:20] PRINT [ACC,	BACC, 	SE,		SP,		AUC,	PRE]
[2024-10-15 20:29:20] PRINT 0.8616,	0.8616,	0.8491,	0.8742,	0.7235,	0.9369
[2024-10-15 20:29:20] PRINT ============================================================
[2024-10-15 20:29:23] PRINT 
[2024-10-15 20:29:23] PRINT epoch: 74, loss: 0.33920, vq_loss: 0.15977, recon_error: 0.17217 ,loss_CE: 0.13202
[2024-10-15 20:29:23] PRINT Train: 0.9442, time: 3.02
[2024-10-15 20:29:23] PRINT ================ Valid Performance. Epoch[74] ================
[2024-10-15 20:29:23] PRINT [ACC, 	BACC, 	SE,		SP,		MCC,	AUC]
[2024-10-15 20:29:23] PRINT 0.8868,	0.8868,	0.8491,	0.9245,	0.7758,	0.9382
[2024-10-15 20:29:23] PRINT ============================================================
[2024-10-15 20:29:23] PRINT now early stop target =  14
[2024-10-15 20:29:23] PRINT 
[2024-10-15 20:29:23] PRINT ================ Test Performance. Epoch[74] ================
[2024-10-15 20:29:23] PRINT [ACC,	BACC, 	SE,		SP,		AUC,	PRE]
[2024-10-15 20:29:23] PRINT 0.8553,	0.8553,	0.8491,	0.8616,	0.7107,	0.9309
[2024-10-15 20:29:23] PRINT ============================================================
[2024-10-15 20:29:26] PRINT 
[2024-10-15 20:29:26] PRINT epoch: 75, loss: 0.32928, vq_loss: 0.12258, recon_error: 0.17245 ,loss_CE: 0.13996
[2024-10-15 20:29:26] PRINT Train: 0.9422, time: 3.03
[2024-10-15 20:29:26] PRINT ================ Valid Performance. Epoch[75] ================
[2024-10-15 20:29:26] PRINT [ACC, 	BACC, 	SE,		SP,		MCC,	AUC]
[2024-10-15 20:29:26] PRINT 0.8836,	0.8836,	0.8679,	0.8994,	0.7677,	0.9374
[2024-10-15 20:29:26] PRINT ============================================================
[2024-10-15 20:29:26] PRINT now early stop target =  15
[2024-10-15 20:29:27] PRINT 
[2024-10-15 20:29:27] PRINT ================ Test Performance. Epoch[75] ================
[2024-10-15 20:29:27] PRINT [ACC,	BACC, 	SE,		SP,		AUC,	PRE]
[2024-10-15 20:29:27] PRINT 0.8711,	0.8711,	0.8553,	0.8868,	0.7425,	0.9351
[2024-10-15 20:29:27] PRINT ============================================================
[2024-10-15 20:29:30] PRINT 
[2024-10-15 20:29:30] PRINT epoch: 76, loss: 0.33363, vq_loss: 0.12857, recon_error: 0.17344 ,loss_CE: 0.28568
[2024-10-15 20:29:30] PRINT Train: 0.9360, time: 3.02
[2024-10-15 20:29:30] PRINT ================ Valid Performance. Epoch[76] ================
[2024-10-15 20:29:30] PRINT [ACC, 	BACC, 	SE,		SP,		MCC,	AUC]
[2024-10-15 20:29:30] PRINT 0.8774,	0.8774,	0.8742,	0.8805,	0.7547,	0.9315
[2024-10-15 20:29:30] PRINT ============================================================
[2024-10-15 20:29:30] PRINT now early stop target =  16
[2024-10-15 20:29:30] PRINT 
[2024-10-15 20:29:30] PRINT ================ Test Performance. Epoch[76] ================
[2024-10-15 20:29:30] PRINT [ACC,	BACC, 	SE,		SP,		AUC,	PRE]
[2024-10-15 20:29:30] PRINT 0.8459,	0.8459,	0.8491,	0.8428,	0.6918,	0.9197
[2024-10-15 20:29:30] PRINT ============================================================
[2024-10-15 20:29:33] PRINT 
[2024-10-15 20:29:33] PRINT epoch: 77, loss: 0.34212, vq_loss: 0.15063, recon_error: 0.17525 ,loss_CE: 0.17191
[2024-10-15 20:29:33] PRINT Train: 0.9363, time: 3.03
[2024-10-15 20:29:33] PRINT ================ Valid Performance. Epoch[77] ================
[2024-10-15 20:29:33] PRINT [ACC, 	BACC, 	SE,		SP,		MCC,	AUC]
[2024-10-15 20:29:33] PRINT 0.8742,	0.8742,	0.8428,	0.9057,	0.7499,	0.9272
[2024-10-15 20:29:33] PRINT ============================================================
[2024-10-15 20:29:33] PRINT now early stop target =  17
[2024-10-15 20:29:33] PRINT 
[2024-10-15 20:29:33] PRINT ================ Test Performance. Epoch[77] ================
[2024-10-15 20:29:33] PRINT [ACC,	BACC, 	SE,		SP,		AUC,	PRE]
[2024-10-15 20:29:33] PRINT 0.8585,	0.8585,	0.8491,	0.8679,	0.7171,	0.9223
[2024-10-15 20:29:33] PRINT ============================================================
[2024-10-15 20:29:36] PRINT 
[2024-10-15 20:29:36] PRINT epoch: 78, loss: 0.35109, vq_loss: 0.12693, recon_error: 0.17282 ,loss_CE: 0.57673
[2024-10-15 20:29:36] PRINT Train: 0.9379, time: 3.03
[2024-10-15 20:29:36] PRINT ================ Valid Performance. Epoch[78] ================
[2024-10-15 20:29:36] PRINT [ACC, 	BACC, 	SE,		SP,		MCC,	AUC]
[2024-10-15 20:29:36] PRINT 0.8711,	0.8711,	0.8302,	0.9119,	0.7446,	0.9420
[2024-10-15 20:29:36] PRINT ============================================================
[2024-10-15 20:29:36] PRINT now early stop target =  18
[2024-10-15 20:29:37] PRINT 
[2024-10-15 20:29:37] PRINT ================ Test Performance. Epoch[78] ================
[2024-10-15 20:29:37] PRINT [ACC,	BACC, 	SE,		SP,		AUC,	PRE]
[2024-10-15 20:29:37] PRINT 0.8553,	0.8553,	0.8302,	0.8805,	0.7116,	0.9201
[2024-10-15 20:29:37] PRINT ============================================================
[2024-10-15 20:29:40] PRINT 
[2024-10-15 20:29:40] PRINT epoch: 79, loss: 0.32291, vq_loss: 0.13479, recon_error: 0.17260 ,loss_CE: 0.10726
[2024-10-15 20:29:40] PRINT Train: 0.9430, time: 3.03
[2024-10-15 20:29:40] PRINT ================ Valid Performance. Epoch[79] ================
[2024-10-15 20:29:40] PRINT [ACC, 	BACC, 	SE,		SP,		MCC,	AUC]
[2024-10-15 20:29:40] PRINT 0.8711,	0.8711,	0.8365,	0.9057,	0.7439,	0.9386
[2024-10-15 20:29:40] PRINT ============================================================
[2024-10-15 20:29:40] PRINT now early stop target =  19
[2024-10-15 20:29:40] PRINT 
[2024-10-15 20:29:40] PRINT ================ Test Performance. Epoch[79] ================
[2024-10-15 20:29:40] PRINT [ACC,	BACC, 	SE,		SP,		AUC,	PRE]
[2024-10-15 20:29:40] PRINT 0.8553,	0.8553,	0.8302,	0.8805,	0.7116,	0.9215
[2024-10-15 20:29:40] PRINT ============================================================
[2024-10-15 20:29:43] PRINT 
[2024-10-15 20:29:43] PRINT epoch: 80, loss: 0.31885, vq_loss: 0.11235, recon_error: 0.17256 ,loss_CE: 0.28427
[2024-10-15 20:29:43] PRINT Train: 0.9446, time: 3.03
[2024-10-15 20:29:43] PRINT ================ Valid Performance. Epoch[80] ================
[2024-10-15 20:29:43] PRINT [ACC, 	BACC, 	SE,		SP,		MCC,	AUC]
[2024-10-15 20:29:43] PRINT 0.8805,	0.8805,	0.8868,	0.8742,	0.7611,	0.9350
[2024-10-15 20:29:43] PRINT ============================================================
[2024-10-15 20:29:43] PRINT now early stop target =  20
[2024-10-15 20:29:43] PRINT 
[2024-10-15 20:29:43] PRINT ================ Test Performance. Epoch[80] ================
[2024-10-15 20:29:43] PRINT [ACC,	BACC, 	SE,		SP,		AUC,	PRE]
[2024-10-15 20:29:43] PRINT 0.8365,	0.8365,	0.8491,	0.8239,	0.6732,	0.9186
[2024-10-15 20:29:43] PRINT ============================================================
[2024-10-15 20:29:46] PRINT 
[2024-10-15 20:29:46] PRINT epoch: 81, loss: 0.31052, vq_loss: 0.10928, recon_error: 0.17258 ,loss_CE: 0.24569
[2024-10-15 20:29:46] PRINT Train: 0.9418, time: 3.02
[2024-10-15 20:29:46] PRINT ================ Valid Performance. Epoch[81] ================
[2024-10-15 20:29:46] PRINT [ACC, 	BACC, 	SE,		SP,		MCC,	AUC]
[2024-10-15 20:29:46] PRINT 0.8522,	0.8522,	0.8679,	0.8365,	0.7048,	0.9381
[2024-10-15 20:29:46] PRINT ============================================================
[2024-10-15 20:29:46] PRINT now early stop target =  21
[2024-10-15 20:29:47] PRINT 
[2024-10-15 20:29:47] PRINT ================ Test Performance. Epoch[81] ================
[2024-10-15 20:29:47] PRINT [ACC,	BACC, 	SE,		SP,		AUC,	PRE]
[2024-10-15 20:29:47] PRINT 0.8365,	0.8365,	0.8742,	0.7987,	0.6749,	0.9286
[2024-10-15 20:29:47] PRINT ============================================================
[2024-10-15 20:29:50] PRINT 
[2024-10-15 20:29:50] PRINT epoch: 82, loss: 0.32722, vq_loss: 0.13509, recon_error: 0.17322 ,loss_CE: 0.29813
[2024-10-15 20:29:50] PRINT Train: 0.9493, time: 3.03
[2024-10-15 20:29:50] PRINT ================ Valid Performance. Epoch[82] ================
[2024-10-15 20:29:50] PRINT [ACC, 	BACC, 	SE,		SP,		MCC,	AUC]
[2024-10-15 20:29:50] PRINT 0.8899,	0.8899,	0.8679,	0.9119,	0.7806,	0.9432
[2024-10-15 20:29:50] PRINT ============================================================
[2024-10-15 20:29:50] PRINT now early stop target =  22
[2024-10-15 20:29:50] PRINT 
[2024-10-15 20:29:50] PRINT ================ Test Performance. Epoch[82] ================
[2024-10-15 20:29:50] PRINT [ACC,	BACC, 	SE,		SP,		AUC,	PRE]
[2024-10-15 20:29:50] PRINT 0.8585,	0.8585,	0.8491,	0.8679,	0.7171,	0.9204
[2024-10-15 20:29:50] PRINT ============================================================
[2024-10-15 20:29:53] PRINT 
[2024-10-15 20:29:53] PRINT epoch: 83, loss: 0.33353, vq_loss: 0.15156, recon_error: 0.17375 ,loss_CE: 0.11243
[2024-10-15 20:29:53] PRINT Train: 0.9442, time: 3.03
[2024-10-15 20:29:53] PRINT ================ Valid Performance. Epoch[83] ================
[2024-10-15 20:29:53] PRINT [ACC, 	BACC, 	SE,		SP,		MCC,	AUC]
[2024-10-15 20:29:53] PRINT 0.8836,	0.8836,	0.8365,	0.9308,	0.7707,	0.9421
[2024-10-15 20:29:53] PRINT ============================================================
[2024-10-15 20:29:53] PRINT now early stop target =  23
[2024-10-15 20:29:53] PRINT 
[2024-10-15 20:29:53] PRINT ================ Test Performance. Epoch[83] ================
[2024-10-15 20:29:53] PRINT [ACC,	BACC, 	SE,		SP,		AUC,	PRE]
[2024-10-15 20:29:53] PRINT 0.8805,	0.8805,	0.8302,	0.9308,	0.7649,	0.9244
[2024-10-15 20:29:53] PRINT ============================================================
[2024-10-15 20:29:56] PRINT 
[2024-10-15 20:29:56] PRINT epoch: 84, loss: 0.30608, vq_loss: 0.12640, recon_error: 0.17298 ,loss_CE: 0.07619
[2024-10-15 20:29:56] PRINT Train: 0.9525, time: 3.03
[2024-10-15 20:29:56] PRINT ================ Valid Performance. Epoch[84] ================
[2024-10-15 20:29:56] PRINT [ACC, 	BACC, 	SE,		SP,		MCC,	AUC]
[2024-10-15 20:29:56] PRINT 0.8711,	0.8711,	0.8616,	0.8805,	0.7423,	0.9307
[2024-10-15 20:29:56] PRINT ============================================================
[2024-10-15 20:29:56] PRINT now early stop target =  24
[2024-10-15 20:29:57] PRINT 
[2024-10-15 20:29:57] PRINT ================ Test Performance. Epoch[84] ================
[2024-10-15 20:29:57] PRINT [ACC,	BACC, 	SE,		SP,		AUC,	PRE]
[2024-10-15 20:29:57] PRINT 0.8553,	0.8553,	0.8616,	0.8491,	0.7107,	0.9247
[2024-10-15 20:29:57] PRINT ============================================================
[2024-10-15 20:30:00] PRINT 
[2024-10-15 20:30:00] PRINT epoch: 85, loss: 0.30007, vq_loss: 0.11236, recon_error: 0.17131 ,loss_CE: 0.03234
[2024-10-15 20:30:00] PRINT Train: 0.9532, time: 3.03
[2024-10-15 20:30:00] PRINT ================ Valid Performance. Epoch[85] ================
[2024-10-15 20:30:00] PRINT [ACC, 	BACC, 	SE,		SP,		MCC,	AUC]
[2024-10-15 20:30:00] PRINT 0.8679,	0.8679,	0.8491,	0.8868,	0.7364,	0.9358
[2024-10-15 20:30:00] PRINT ============================================================
[2024-10-15 20:30:00] PRINT now early stop target =  25
[2024-10-15 20:30:00] PRINT 
[2024-10-15 20:30:00] PRINT ================ Test Performance. Epoch[85] ================
[2024-10-15 20:30:00] PRINT [ACC,	BACC, 	SE,		SP,		AUC,	PRE]
[2024-10-15 20:30:00] PRINT 0.8333,	0.8333,	0.8553,	0.8113,	0.6673,	0.9119
[2024-10-15 20:30:00] PRINT ============================================================
[2024-10-15 20:30:03] PRINT 
[2024-10-15 20:30:03] PRINT epoch: 86, loss: 0.30261, vq_loss: 0.12527, recon_error: 0.17321 ,loss_CE: 0.11189
[2024-10-15 20:30:03] PRINT Train: 0.9505, time: 3.03
[2024-10-15 20:30:03] PRINT ================ Valid Performance. Epoch[86] ================
[2024-10-15 20:30:03] PRINT [ACC, 	BACC, 	SE,		SP,		MCC,	AUC]
[2024-10-15 20:30:03] PRINT 0.8648,	0.8648,	0.8742,	0.8553,	0.7297,	0.9367
[2024-10-15 20:30:03] PRINT ============================================================
[2024-10-15 20:30:03] PRINT now early stop target =  26
[2024-10-15 20:30:03] PRINT 
[2024-10-15 20:30:03] PRINT ================ Test Performance. Epoch[86] ================
[2024-10-15 20:30:03] PRINT [ACC,	BACC, 	SE,		SP,		AUC,	PRE]
[2024-10-15 20:30:03] PRINT 0.8396,	0.8396,	0.8616,	0.8176,	0.6799,	0.9204
[2024-10-15 20:30:03] PRINT ============================================================
[2024-10-15 20:30:06] PRINT 
[2024-10-15 20:30:06] PRINT epoch: 87, loss: 0.30624, vq_loss: 0.14917, recon_error: 0.17298 ,loss_CE: 0.14740
[2024-10-15 20:30:06] PRINT Train: 0.9497, time: 3.03
[2024-10-15 20:30:06] PRINT ================ Valid Performance. Epoch[87] ================
[2024-10-15 20:30:06] PRINT [ACC, 	BACC, 	SE,		SP,		MCC,	AUC]
[2024-10-15 20:30:06] PRINT 0.8742,	0.8742,	0.8742,	0.8742,	0.7484,	0.9263
[2024-10-15 20:30:06] PRINT ============================================================
[2024-10-15 20:30:06] PRINT now early stop target =  27
[2024-10-15 20:30:07] PRINT 
[2024-10-15 20:30:07] PRINT ================ Test Performance. Epoch[87] ================
[2024-10-15 20:30:07] PRINT [ACC,	BACC, 	SE,		SP,		AUC,	PRE]
[2024-10-15 20:30:07] PRINT 0.8491,	0.8491,	0.8616,	0.8365,	0.6983,	0.9146
[2024-10-15 20:30:07] PRINT ============================================================
[2024-10-15 20:30:10] PRINT 
[2024-10-15 20:30:10] PRINT epoch: 88, loss: 0.30257, vq_loss: 0.13704, recon_error: 0.17150 ,loss_CE: 0.25626
[2024-10-15 20:30:10] PRINT Train: 0.9580, time: 3.03
[2024-10-15 20:30:10] PRINT ================ Valid Performance. Epoch[88] ================
[2024-10-15 20:30:10] PRINT [ACC, 	BACC, 	SE,		SP,		MCC,	AUC]
[2024-10-15 20:30:10] PRINT 0.8742,	0.8742,	0.8553,	0.8931,	0.7490,	0.9321
[2024-10-15 20:30:10] PRINT ============================================================
[2024-10-15 20:30:10] PRINT now early stop target =  28
[2024-10-15 20:30:10] PRINT 
[2024-10-15 20:30:10] PRINT ================ Test Performance. Epoch[88] ================
[2024-10-15 20:30:10] PRINT [ACC,	BACC, 	SE,		SP,		AUC,	PRE]
[2024-10-15 20:30:10] PRINT 0.8711,	0.8711,	0.8428,	0.8994,	0.7433,	0.9243
[2024-10-15 20:30:10] PRINT ============================================================
[2024-10-15 20:30:13] PRINT 
[2024-10-15 20:30:13] PRINT epoch: 89, loss: 0.29172, vq_loss: 0.10420, recon_error: 0.17444 ,loss_CE: 0.16029
[2024-10-15 20:30:13] PRINT Train: 0.9513, time: 3.03
[2024-10-15 20:30:13] PRINT ================ Valid Performance. Epoch[89] ================
[2024-10-15 20:30:13] PRINT [ACC, 	BACC, 	SE,		SP,		MCC,	AUC]
[2024-10-15 20:30:13] PRINT 0.8711,	0.8711,	0.8302,	0.9119,	0.7446,	0.9408
[2024-10-15 20:30:13] PRINT ============================================================
[2024-10-15 20:30:13] PRINT now early stop target =  29
[2024-10-15 20:30:13] PRINT 
[2024-10-15 20:30:13] PRINT ================ Test Performance. Epoch[89] ================
[2024-10-15 20:30:13] PRINT [ACC,	BACC, 	SE,		SP,		AUC,	PRE]
[2024-10-15 20:30:13] PRINT 0.8679,	0.8679,	0.8302,	0.9057,	0.7380,	0.9150
[2024-10-15 20:30:13] PRINT ============================================================
[2024-10-15 20:30:16] PRINT 
[2024-10-15 20:30:16] PRINT epoch: 90, loss: 0.29947, vq_loss: 0.12378, recon_error: 0.17221 ,loss_CE: 0.11603
[2024-10-15 20:30:16] PRINT Train: 0.9603, time: 3.03
[2024-10-15 20:30:16] PRINT ================ Valid Performance. Epoch[90] ================
[2024-10-15 20:30:16] PRINT [ACC, 	BACC, 	SE,		SP,		MCC,	AUC]
[2024-10-15 20:30:16] PRINT 0.8616,	0.8616,	0.8365,	0.8868,	0.7242,	0.9301
[2024-10-15 20:30:16] PRINT ============================================================
[2024-10-15 20:30:16] PRINT now early stop target =  30
[2024-10-15 20:30:17] PRINT 
[2024-10-15 20:30:17] PRINT ================ Test Performance. Epoch[90] ================
[2024-10-15 20:30:17] PRINT [ACC,	BACC, 	SE,		SP,		AUC,	PRE]
[2024-10-15 20:30:17] PRINT 0.8742,	0.8742,	0.8428,	0.9057,	0.7499,	0.9199
[2024-10-15 20:30:17] PRINT ============================================================
[2024-10-15 20:30:20] PRINT 
[2024-10-15 20:30:20] PRINT epoch: 91, loss: 0.27941, vq_loss: 0.09652, recon_error: 0.17224 ,loss_CE: 0.33102
[2024-10-15 20:30:20] PRINT Train: 0.9552, time: 3.03
[2024-10-15 20:30:20] PRINT ================ Valid Performance. Epoch[91] ================
[2024-10-15 20:30:20] PRINT [ACC, 	BACC, 	SE,		SP,		MCC,	AUC]
[2024-10-15 20:30:20] PRINT 0.8553,	0.8553,	0.8553,	0.8553,	0.7107,	0.9288
[2024-10-15 20:30:20] PRINT ============================================================
[2024-10-15 20:30:20] PRINT now early stop target =  31
[2024-10-15 20:30:20] PRINT 
[2024-10-15 20:30:20] PRINT ================ Test Performance. Epoch[91] ================
[2024-10-15 20:30:20] PRINT [ACC,	BACC, 	SE,		SP,		AUC,	PRE]
[2024-10-15 20:30:20] PRINT 0.8459,	0.8459,	0.8616,	0.8302,	0.6922,	0.9197
[2024-10-15 20:30:20] PRINT ============================================================
[2024-10-15 20:30:20] PRINT early stop!!!
[2024-10-15 20:30:20] PRINT 
[2024-10-15 20:30:20] PRINT ================ Test Performance. Early Stop ================
[2024-10-15 20:30:20] PRINT [ACC,	BACC, 	SE,		SP,		AUC,	PRE]
[2024-10-15 20:30:20] PRINT 0.8553,	0.8553,	0.8553,	0.8553,	0.7107,	0.9335
[2024-10-15 20:30:20] PRINT ============================================================
